{
  "stats": {
    "suites": 1,
    "tests": 9,
    "passes": 9,
    "pending": 0,
    "failures": 0,
    "start": "2025-10-10T07:04:30.727Z",
    "end": "2025-10-10T07:04:44.151Z",
    "duration": 13424,
    "testsRegistered": 9,
    "passPercent": 100,
    "pendingPercent": 0,
    "other": 0,
    "hasOther": false,
    "skipped": 0,
    "hasSkipped": false
  },
  "results": [
    {
      "uuid": "c4b93d7d-f618-43e2-bbb3-7b893b8ea91a",
      "title": "",
      "fullFile": "cypress\\e2e\\Admin_login_page.cy.js",
      "file": "cypress\\e2e\\Admin_login_page.cy.js",
      "beforeHooks": [],
      "afterHooks": [],
      "tests": [],
      "suites": [
        {
          "uuid": "349c6060-6b4c-4eea-8c6d-feb3af351485",
          "title": "Admin Login Page Tests",
          "fullFile": "",
          "file": "",
          "beforeHooks": [],
          "afterHooks": [],
          "tests": [
            {
              "title": "TC01 - should load the Admin Login page",
              "fullTitle": "Admin Login Page Tests TC01 - should load the Admin Login page",
              "timedOut": null,
              "duration": 2057,
              "state": "passed",
              "speed": "fast",
              "pass": true,
              "fail": false,
              "pending": false,
              "context": null,
              "code": "cy.get('#login-box').should('be.visible');\ncy.get('#username').should('be.visible');\ncy.get('#password').should('be.visible');\ncy.get('#formSubmitButton').should('be.visible');",
              "err": {},
              "uuid": "7a212cf7-f2f7-490b-8324-9009c7b3a596",
              "parentUUID": "349c6060-6b4c-4eea-8c6d-feb3af351485",
              "isHook": false,
              "skipped": false
            },
            {
              "title": "TC02 - should show error with empty credentials",
              "fullTitle": "Admin Login Page Tests TC02 - should show error with empty credentials",
              "timedOut": null,
              "duration": 254,
              "state": "passed",
              "speed": "fast",
              "pass": true,
              "fail": false,
              "pending": false,
              "context": null,
              "code": "// Click Logon without entering username/password\ncy.get('#formSubmitButton').click();\n// Verify that the required field indicators (*) are visible\ncy.get('#username_help').should('be.visible').and('contain.text', '*');\ncy.get('#password_help').should('be.visible').and('contain.text', '*');",
              "err": {},
              "uuid": "42d6b652-d9b1-42fe-af1f-3457f4149099",
              "parentUUID": "349c6060-6b4c-4eea-8c6d-feb3af351485",
              "isHook": false,
              "skipped": false
            },
            {
              "title": "TC03 - should login successfully with valid credentials",
              "fullTitle": "Admin Login Page Tests TC03 - should login successfully with valid credentials",
              "timedOut": null,
              "duration": 3135,
              "state": "passed",
              "speed": "fast",
              "pass": true,
              "fail": false,
              "pending": false,
              "context": null,
              "code": "cy.visit('http://localhost:8080/admin/logon.html');\ncy.get('#username').clear().type('admin@shopizer.com');\ncy.get('#password').clear().type('password');\ncy.get('#formSubmitButton').click();\n// Verify URL includes admin home\ncy.url({\n  timeout: 10000\n}).should('include', '/admin/home.html');\n// Verify username dropdown is visible (login successful)\ncy.get('.nav.pull-right a.dropdown-toggle').should('contain.text', 'admin@shopizer.com');",
              "err": {},
              "uuid": "bd8886c0-e534-45fd-9847-85e50032d1bf",
              "parentUUID": "349c6060-6b4c-4eea-8c6d-feb3af351485",
              "isHook": false,
              "skipped": false
            },
            {
              "title": "TC05 - should show error with invalid credentials",
              "fullTitle": "Admin Login Page Tests TC05 - should show error with invalid credentials",
              "timedOut": null,
              "duration": 1643,
              "state": "passed",
              "speed": "fast",
              "pass": true,
              "fail": false,
              "pending": false,
              "context": null,
              "code": "cy.get('#username').clear().type('wrong@admin.com');\ncy.get('#password').clear().type('wrongpassword');\ncy.get('#formSubmitButton').click();\n// Check if the error alert is visible and contains correct text\ncy.get('.alert-error').should('be.visible').and('contain.text', 'Invalid username or password');",
              "err": {},
              "uuid": "22a86020-5978-46c8-ae23-df9e088aa6da",
              "parentUUID": "349c6060-6b4c-4eea-8c6d-feb3af351485",
              "isHook": false,
              "skipped": false
            },
            {
              "title": "TC06 - should mask the password input",
              "fullTitle": "Admin Login Page Tests TC06 - should mask the password input",
              "timedOut": null,
              "duration": 183,
              "state": "passed",
              "speed": "fast",
              "pass": true,
              "fail": false,
              "pending": false,
              "context": null,
              "code": "cy.visit('http://localhost:8080/admin/logon.html');\ncy.get('#password').should('have.attr', 'type', 'password');",
              "err": {},
              "uuid": "5823a039-0a6c-4680-aa32-7ef4a10253c9",
              "parentUUID": "349c6060-6b4c-4eea-8c6d-feb3af351485",
              "isHook": false,
              "skipped": false
            },
            {
              "title": "TC07 - should show error for special characters in credentials",
              "fullTitle": "Admin Login Page Tests TC07 - should show error for special characters in credentials",
              "timedOut": null,
              "duration": 1163,
              "state": "passed",
              "speed": "fast",
              "pass": true,
              "fail": false,
              "pending": false,
              "context": null,
              "code": "cy.visit('http://localhost:8080/admin/logon.html');\ncy.get('#username').clear().type('admin@!#$%');\ncy.get('#password').clear().type('pass@!#$%');\ncy.get('#formSubmitButton').click();\ncy.get('.alert-error').should('be.visible').and('contain.text', 'Invalid username or password');",
              "err": {},
              "uuid": "243d5875-b7e3-4d4a-90c1-11802a312696",
              "parentUUID": "349c6060-6b4c-4eea-8c6d-feb3af351485",
              "isHook": false,
              "skipped": false
            },
            {
              "title": "TC08 - should login using login button (Enter key not applicable)",
              "fullTitle": "Admin Login Page Tests TC08 - should login using login button (Enter key not applicable)",
              "timedOut": null,
              "duration": 1573,
              "state": "passed",
              "speed": "fast",
              "pass": true,
              "fail": false,
              "pending": false,
              "context": null,
              "code": "cy.visit('http://localhost:8080/admin/logon.html');\ncy.get('#username').type('admin@shopizer.com');\ncy.get('#password').type('password');\n// Click login button explicitly\ncy.get('#formSubmitButton').click();\ncy.url().should('include', '/admin/home.html');\ncy.get('.nav.pull-right a.dropdown-toggle').should('contain.text', 'admin@shopizer.com');",
              "err": {},
              "uuid": "e71c1d88-18ab-414d-a532-7063ca8ede4a",
              "parentUUID": "349c6060-6b4c-4eea-8c6d-feb3af351485",
              "isHook": false,
              "skipped": false
            },
            {
              "title": "TC09 - should keep user logged in after page refresh",
              "fullTitle": "Admin Login Page Tests TC09 - should keep user logged in after page refresh",
              "timedOut": null,
              "duration": 2103,
              "state": "passed",
              "speed": "fast",
              "pass": true,
              "fail": false,
              "pending": false,
              "context": null,
              "code": "cy.visit('http://localhost:8080/admin/logon.html');\ncy.get('#username').type('admin@shopizer.com');\ncy.get('#password').type('password');\ncy.get('#formSubmitButton').click();\n// Verify login successful\ncy.url().should('include', '/admin/home.html');\n// Refresh the page\ncy.reload();\n// Verify still logged in\ncy.get('.nav.pull-right a.dropdown-toggle').should('contain.text', 'admin@shopizer.com');",
              "err": {},
              "uuid": "0852ee94-21c1-4283-a5cb-f7eda3e2d1d5",
              "parentUUID": "349c6060-6b4c-4eea-8c6d-feb3af351485",
              "isHook": false,
              "skipped": false
            },
            {
              "title": "TC11 - should not allow login with blank password",
              "fullTitle": "Admin Login Page Tests TC11 - should not allow login with blank password",
              "timedOut": null,
              "duration": 904,
              "state": "passed",
              "speed": "fast",
              "pass": true,
              "fail": false,
              "pending": false,
              "context": null,
              "code": "cy.visit('http://localhost:8080/admin/logon.html');\n// Enter only username\ncy.get('#username').type('admin@shopizer.com');\n// Click login\ncy.get('#formSubmitButton').click();\n// Verify red * appears beside password field\ncy.get('#password_help').should('be.visible').and('contain.text', '*');",
              "err": {},
              "uuid": "91652d93-8e2d-4618-b5ff-b2847f0e18d8",
              "parentUUID": "349c6060-6b4c-4eea-8c6d-feb3af351485",
              "isHook": false,
              "skipped": false
            }
          ],
          "suites": [],
          "passes": [
            "7a212cf7-f2f7-490b-8324-9009c7b3a596",
            "42d6b652-d9b1-42fe-af1f-3457f4149099",
            "bd8886c0-e534-45fd-9847-85e50032d1bf",
            "22a86020-5978-46c8-ae23-df9e088aa6da",
            "5823a039-0a6c-4680-aa32-7ef4a10253c9",
            "243d5875-b7e3-4d4a-90c1-11802a312696",
            "e71c1d88-18ab-414d-a532-7063ca8ede4a",
            "0852ee94-21c1-4283-a5cb-f7eda3e2d1d5",
            "91652d93-8e2d-4618-b5ff-b2847f0e18d8"
          ],
          "failures": [],
          "pending": [],
          "skipped": [],
          "duration": 13015,
          "root": false,
          "rootEmpty": false,
          "_timeout": 2000
        }
      ],
      "passes": [],
      "failures": [],
      "pending": [],
      "skipped": [],
      "duration": 0,
      "root": true,
      "rootEmpty": true,
      "_timeout": 2000
    }
  ],
  "meta": {
    "mocha": {
      "version": "7.2.0"
    },
    "mochawesome": {
      "options": {
        "quiet": false,
        "reportFilename": "mochawesome",
        "saveHtml": true,
        "saveJson": true,
        "consoleReporter": "spec",
        "useInlineDiffs": false,
        "code": true
      },
      "version": "7.1.4"
    },
    "marge": {
      "options": {
        "reportDir": "cypress/reports",
        "overwrite": false,
        "html": true,
        "json": true
      },
      "version": "6.3.0"
    }
  }
}