{
  "stats": {
    "suites": 1,
    "tests": 9,
    "passes": 9,
    "pending": 0,
    "failures": 0,
    "start": "2025-10-10T06:57:37.610Z",
    "end": "2025-10-10T06:57:49.807Z",
    "duration": 12197,
    "testsRegistered": 9,
    "passPercent": 100,
    "pendingPercent": 0,
    "other": 0,
    "hasOther": false,
    "skipped": 0,
    "hasSkipped": false
  },
  "results": [
    {
      "uuid": "448998a4-c5ed-48a5-a175-1589e1671d30",
      "title": "",
      "fullFile": "cypress\\e2e\\Admin_login_page.cy.js",
      "file": "cypress\\e2e\\Admin_login_page.cy.js",
      "beforeHooks": [],
      "afterHooks": [],
      "tests": [],
      "suites": [
        {
          "uuid": "0ca8395b-b00b-4a29-a7be-bafe6e09d1ac",
          "title": "Admin Login Page Tests",
          "fullFile": "",
          "file": "",
          "beforeHooks": [],
          "afterHooks": [],
          "tests": [
            {
              "title": "TC01 - should load the Admin Login page",
              "fullTitle": "Admin Login Page Tests TC01 - should load the Admin Login page",
              "timedOut": null,
              "duration": 1105,
              "state": "passed",
              "speed": "fast",
              "pass": true,
              "fail": false,
              "pending": false,
              "context": null,
              "code": "cy.get('#login-box').should('be.visible');\ncy.get('#username').should('be.visible');\ncy.get('#password').should('be.visible');\ncy.get('#formSubmitButton').should('be.visible');",
              "err": {},
              "uuid": "3eb88799-38cf-47d5-a527-e3be578693a8",
              "parentUUID": "0ca8395b-b00b-4a29-a7be-bafe6e09d1ac",
              "isHook": false,
              "skipped": false
            },
            {
              "title": "TC02 - should show error with empty credentials",
              "fullTitle": "Admin Login Page Tests TC02 - should show error with empty credentials",
              "timedOut": null,
              "duration": 250,
              "state": "passed",
              "speed": "fast",
              "pass": true,
              "fail": false,
              "pending": false,
              "context": null,
              "code": "// Click Logon without entering username/password\ncy.get('#formSubmitButton').click();\n// Verify that the required field indicators (*) are visible\ncy.get('#username_help').should('be.visible').and('contain.text', '*');\ncy.get('#password_help').should('be.visible').and('contain.text', '*');",
              "err": {},
              "uuid": "76c9e0b8-0953-4a66-86b8-95e66eb10536",
              "parentUUID": "0ca8395b-b00b-4a29-a7be-bafe6e09d1ac",
              "isHook": false,
              "skipped": false
            },
            {
              "title": "TC03 - should login successfully with valid credentials",
              "fullTitle": "Admin Login Page Tests TC03 - should login successfully with valid credentials",
              "timedOut": null,
              "duration": 3052,
              "state": "passed",
              "speed": "fast",
              "pass": true,
              "fail": false,
              "pending": false,
              "context": null,
              "code": "cy.visit('http://localhost:8080/admin/logon.html');\ncy.get('#username').clear().type('admin@shopizer.com');\ncy.get('#password').clear().type('password');\ncy.get('#formSubmitButton').click();\n// Verify URL includes admin home\ncy.url({\n  timeout: 10000\n}).should('include', '/admin/home.html');\n// Verify username dropdown is visible (login successful)\ncy.get('.nav.pull-right a.dropdown-toggle').should('contain.text', 'admin@shopizer.com');",
              "err": {},
              "uuid": "122a72bb-ac44-461f-b63e-0e2c34a0607a",
              "parentUUID": "0ca8395b-b00b-4a29-a7be-bafe6e09d1ac",
              "isHook": false,
              "skipped": false
            },
            {
              "title": "TC05 - should show error with invalid credentials",
              "fullTitle": "Admin Login Page Tests TC05 - should show error with invalid credentials",
              "timedOut": null,
              "duration": 1226,
              "state": "passed",
              "speed": "fast",
              "pass": true,
              "fail": false,
              "pending": false,
              "context": null,
              "code": "cy.get('#username').clear().type('wrong@admin.com');\ncy.get('#password').clear().type('wrongpassword');\ncy.get('#formSubmitButton').click();\n// Check if the error alert is visible and contains correct text\ncy.get('.alert-error').should('be.visible').and('contain.text', 'Invalid username or password');",
              "err": {},
              "uuid": "ed13e70b-39bc-4ecd-987a-db24a10416d3",
              "parentUUID": "0ca8395b-b00b-4a29-a7be-bafe6e09d1ac",
              "isHook": false,
              "skipped": false
            },
            {
              "title": "TC06 - should mask the password input",
              "fullTitle": "Admin Login Page Tests TC06 - should mask the password input",
              "timedOut": null,
              "duration": 154,
              "state": "passed",
              "speed": "fast",
              "pass": true,
              "fail": false,
              "pending": false,
              "context": null,
              "code": "cy.visit('http://localhost:8080/admin/logon.html');\ncy.get('#password').should('have.attr', 'type', 'password');",
              "err": {},
              "uuid": "65f36ff3-6b69-4de1-8f62-81dce33c7fe6",
              "parentUUID": "0ca8395b-b00b-4a29-a7be-bafe6e09d1ac",
              "isHook": false,
              "skipped": false
            },
            {
              "title": "TC07 - should show error for special characters in credentials",
              "fullTitle": "Admin Login Page Tests TC07 - should show error for special characters in credentials",
              "timedOut": null,
              "duration": 1165,
              "state": "passed",
              "speed": "fast",
              "pass": true,
              "fail": false,
              "pending": false,
              "context": null,
              "code": "cy.visit('http://localhost:8080/admin/logon.html');\ncy.get('#username').clear().type('admin@!#$%');\ncy.get('#password').clear().type('pass@!#$%');\ncy.get('#formSubmitButton').click();\ncy.get('.alert-error').should('be.visible').and('contain.text', 'Invalid username or password');",
              "err": {},
              "uuid": "eb394842-c7e0-47c1-a260-034a38c7dd2e",
              "parentUUID": "0ca8395b-b00b-4a29-a7be-bafe6e09d1ac",
              "isHook": false,
              "skipped": false
            },
            {
              "title": "TC08 - should login using login button (Enter key not applicable)",
              "fullTitle": "Admin Login Page Tests TC08 - should login using login button (Enter key not applicable)",
              "timedOut": null,
              "duration": 1559,
              "state": "passed",
              "speed": "fast",
              "pass": true,
              "fail": false,
              "pending": false,
              "context": null,
              "code": "cy.visit('http://localhost:8080/admin/logon.html');\ncy.get('#username').type('admin@shopizer.com');\ncy.get('#password').type('password');\n// Click login button explicitly\ncy.get('#formSubmitButton').click();\ncy.url().should('include', '/admin/home.html');\ncy.get('.nav.pull-right a.dropdown-toggle').should('contain.text', 'admin@shopizer.com');",
              "err": {},
              "uuid": "46be5ed4-f876-473a-a703-9b973c70dd4a",
              "parentUUID": "0ca8395b-b00b-4a29-a7be-bafe6e09d1ac",
              "isHook": false,
              "skipped": false
            },
            {
              "title": "TC09 - should keep user logged in after page refresh",
              "fullTitle": "Admin Login Page Tests TC09 - should keep user logged in after page refresh",
              "timedOut": null,
              "duration": 2564,
              "state": "passed",
              "speed": "fast",
              "pass": true,
              "fail": false,
              "pending": false,
              "context": null,
              "code": "cy.visit('http://localhost:8080/admin/logon.html');\ncy.get('#username').type('admin@shopizer.com');\ncy.get('#password').type('password');\ncy.get('#formSubmitButton').click();\n// Verify login successful\ncy.url().should('include', '/admin/home.html');\n// Refresh the page\ncy.reload();\n// Verify still logged in\ncy.get('.nav.pull-right a.dropdown-toggle').should('contain.text', 'admin@shopizer.com');",
              "err": {},
              "uuid": "ccbd7958-794c-40fa-b4e4-482e63b01c83",
              "parentUUID": "0ca8395b-b00b-4a29-a7be-bafe6e09d1ac",
              "isHook": false,
              "skipped": false
            },
            {
              "title": "TC11 - should not allow login with blank password",
              "fullTitle": "Admin Login Page Tests TC11 - should not allow login with blank password",
              "timedOut": null,
              "duration": 673,
              "state": "passed",
              "speed": "fast",
              "pass": true,
              "fail": false,
              "pending": false,
              "context": null,
              "code": "cy.visit('http://localhost:8080/admin/logon.html');\n// Enter only username\ncy.get('#username').type('admin@shopizer.com');\n// Click login\ncy.get('#formSubmitButton').click();\n// Verify red * appears beside password field\ncy.get('#password_help').should('be.visible').and('contain.text', '*');",
              "err": {},
              "uuid": "1c6e45e7-1f49-4a76-8cfc-546fadb84c3f",
              "parentUUID": "0ca8395b-b00b-4a29-a7be-bafe6e09d1ac",
              "isHook": false,
              "skipped": false
            }
          ],
          "suites": [],
          "passes": [
            "3eb88799-38cf-47d5-a527-e3be578693a8",
            "76c9e0b8-0953-4a66-86b8-95e66eb10536",
            "122a72bb-ac44-461f-b63e-0e2c34a0607a",
            "ed13e70b-39bc-4ecd-987a-db24a10416d3",
            "65f36ff3-6b69-4de1-8f62-81dce33c7fe6",
            "eb394842-c7e0-47c1-a260-034a38c7dd2e",
            "46be5ed4-f876-473a-a703-9b973c70dd4a",
            "ccbd7958-794c-40fa-b4e4-482e63b01c83",
            "1c6e45e7-1f49-4a76-8cfc-546fadb84c3f"
          ],
          "failures": [],
          "pending": [],
          "skipped": [],
          "duration": 11748,
          "root": false,
          "rootEmpty": false,
          "_timeout": 2000
        }
      ],
      "passes": [],
      "failures": [],
      "pending": [],
      "skipped": [],
      "duration": 0,
      "root": true,
      "rootEmpty": true,
      "_timeout": 2000
    }
  ],
  "meta": {
    "mocha": {
      "version": "7.2.0"
    },
    "mochawesome": {
      "options": {
        "quiet": false,
        "reportFilename": "mochawesome",
        "saveHtml": true,
        "saveJson": true,
        "consoleReporter": "spec",
        "useInlineDiffs": false,
        "code": true
      },
      "version": "7.1.4"
    },
    "marge": {
      "options": {
        "reportDir": "cypress/reports",
        "overwrite": false,
        "html": true,
        "json": true,
        "charts": true,
        "reportTitle": "Shopizer Cypress Test Report",
        "embeddedScreenshots": true,
        "inlineAssets": true
      },
      "version": "6.3.0"
    }
  }
}