{
  "stats": {
    "suites": 1,
    "tests": 2,
    "passes": 1,
    "pending": 0,
    "failures": 1,
    "start": "2025-10-10T07:06:37.363Z",
    "end": "2025-10-10T07:06:38.181Z",
    "duration": 818,
    "testsRegistered": 2,
    "passPercent": 50,
    "pendingPercent": 0,
    "other": 0,
    "hasOther": false,
    "skipped": 0,
    "hasSkipped": false
  },
  "results": [
    {
      "uuid": "692f770b-6c6d-4372-8ba7-57235a056671",
      "title": "",
      "fullFile": "cypress\\e2e\\API\\login.cy.js",
      "file": "cypress\\e2e\\API\\login.cy.js",
      "beforeHooks": [],
      "afterHooks": [],
      "tests": [],
      "suites": [
        {
          "uuid": "5d5167b3-7f18-4758-b2f6-bd633a83322e",
          "title": "Login API Tests",
          "fullFile": "",
          "file": "",
          "beforeHooks": [],
          "afterHooks": [],
          "tests": [
            {
              "title": "should login successfully with valid admin credentials",
              "fullTitle": "Login API Tests should login successfully with valid admin credentials",
              "timedOut": null,
              "duration": 473,
              "state": "failed",
              "speed": null,
              "pass": false,
              "fail": true,
              "pending": false,
              "context": null,
              "code": "cy.fixture('apiData').then(data => {\n  cy.request('POST', '/api/v1/private/login', data.admin).then(response => {\n    expect(response.status).to.eq(200);\n    expect(response.body).to.have.property('token'); // Shopizer returns JWT\n  });\n});",
              "err": {
                "message": "CypressError: `cy.request()` failed on:\n\nhttp://localhost:8080/api/v1/private/login\n\nThe response we received from your web server was:\n\n  > 401: Unauthorized\n\nThis was considered a failure because the status code was not `2xx` or `3xx`.\n\nIf you do not want status codes to cause failures pass the option: `failOnStatusCode: false`\n\n-----------------------------------------------------------\n\nThe request we sent was:\n\nMethod: POST\nURL: http://localhost:8080/api/v1/private/login\nHeaders: {\n  \"Connection\": \"keep-alive\",\n  \"user-agent\": \"Mozilla/5.0 (Windows NT 10.0; Win64; x64) AppleWebKit/537.36 (KHTML, like Gecko) Cypress/15.1.0 Chrome/136.0.7103.149 Electron/36.4.0 Safari/537.36\",\n  \"accept\": \"*/*\",\n  \"accept-encoding\": \"gzip, deflate\",\n  \"content-type\": \"application/json\",\n  \"content-length\": 52\n}\nBody: {\"email\":\"admin@shopizer.com\",\"password\":\"password\"}\n\n-----------------------------------------------------------\n\nThe response we got was:\n\nStatus: 401 - Unauthorized\nHeaders: {\n  \"access-control-allow-methods\": \"POST, GET, PUT, OPTIONS, DELETE, PATCH\",\n  \"access-control-allow-origin\": \"*\",\n  \"access-control-allow-headers\": \"X-Auth-Token, Content-Type, Authorization, Cache-Control, X-Requested-With\",\n  \"access-control-allow-credentials\": \"true\",\n  \"x-content-type-options\": \"nosniff\",\n  \"x-xss-protection\": \"1; mode=block\",\n  \"cache-control\": \"no-cache, no-store, max-age=0, must-revalidate\",\n  \"pragma\": \"no-cache\",\n  \"expires\": \"0\",\n  \"x-frame-options\": \"DENY\",\n  \"content-type\": \"text/plain;charset=UTF-8\",\n  \"content-length\": \"29\",\n  \"date\": \"Fri, 10 Oct 2025 07:06:51 GMT\",\n  \"connection\": \"close\"\n}\nBody: {\n  \"message\": \"Bad credentials\"\n}\n\n\nhttps://on.cypress.io/request",
                "estack": "CypressError: `cy.request()` failed on:\n\nhttp://localhost:8080/api/v1/private/login\n\nThe response we received from your web server was:\n\n  > 401: Unauthorized\n\nThis was considered a failure because the status code was not `2xx` or `3xx`.\n\nIf you do not want status codes to cause failures pass the option: `failOnStatusCode: false`\n\n-----------------------------------------------------------\n\nThe request we sent was:\n\nMethod: POST\nURL: http://localhost:8080/api/v1/private/login\nHeaders: {\n  \"Connection\": \"keep-alive\",\n  \"user-agent\": \"Mozilla/5.0 (Windows NT 10.0; Win64; x64) AppleWebKit/537.36 (KHTML, like Gecko) Cypress/15.1.0 Chrome/136.0.7103.149 Electron/36.4.0 Safari/537.36\",\n  \"accept\": \"*/*\",\n  \"accept-encoding\": \"gzip, deflate\",\n  \"content-type\": \"application/json\",\n  \"content-length\": 52\n}\nBody: {\"email\":\"admin@shopizer.com\",\"password\":\"password\"}\n\n-----------------------------------------------------------\n\nThe response we got was:\n\nStatus: 401 - Unauthorized\nHeaders: {\n  \"access-control-allow-methods\": \"POST, GET, PUT, OPTIONS, DELETE, PATCH\",\n  \"access-control-allow-origin\": \"*\",\n  \"access-control-allow-headers\": \"X-Auth-Token, Content-Type, Authorization, Cache-Control, X-Requested-With\",\n  \"access-control-allow-credentials\": \"true\",\n  \"x-content-type-options\": \"nosniff\",\n  \"x-xss-protection\": \"1; mode=block\",\n  \"cache-control\": \"no-cache, no-store, max-age=0, must-revalidate\",\n  \"pragma\": \"no-cache\",\n  \"expires\": \"0\",\n  \"x-frame-options\": \"DENY\",\n  \"content-type\": \"text/plain;charset=UTF-8\",\n  \"content-length\": \"29\",\n  \"date\": \"Fri, 10 Oct 2025 07:06:51 GMT\",\n  \"connection\": \"close\"\n}\nBody: {\n  \"message\": \"Bad credentials\"\n}\n\n\nhttps://on.cypress.io/request\n    at <unknown> (http://localhost:8080/__cypress/runner/cypress_runner.js:136252:72)\n    at tryCatcher (http://localhost:8080/__cypress/runner/cypress_runner.js:1777:23)\n    at Promise._settlePromiseFromHandler (http://localhost:8080/__cypress/runner/cypress_runner.js:1489:31)\n    at Promise._settlePromise (http://localhost:8080/__cypress/runner/cypress_runner.js:1546:18)\n    at Promise._settlePromise0 (http://localhost:8080/__cypress/runner/cypress_runner.js:1591:10)\n    at Promise._settlePromises (http://localhost:8080/__cypress/runner/cypress_runner.js:1671:18)\n    at _drainQueueStep (http://localhost:8080/__cypress/runner/cypress_runner.js:2377:12)\n    at _drainQueue (http://localhost:8080/__cypress/runner/cypress_runner.js:2370:9)\n    at Async._drainQueues (http://localhost:8080/__cypress/runner/cypress_runner.js:2386:5)\n    at Async.drainQueues (http://localhost:8080/__cypress/runner/cypress_runner.js:2256:14)\nFrom Your Spec Code:\n    at Context.eval (webpack://cypress_automation/./cypress/e2e/API/login.cy.js:4:9)\n    at getRet (http://localhost:8080/__cypress/runner/cypress_runner.js:121549:20)\n    at tryCatcher (http://localhost:8080/__cypress/runner/cypress_runner.js:1777:23)\n    at Promise.attempt.Promise.try (http://localhost:8080/__cypress/runner/cypress_runner.js:4285:29)\n    at Context.thenFn (http://localhost:8080/__cypress/runner/cypress_runner.js:121560:66)\n    at Context.then (http://localhost:8080/__cypress/runner/cypress_runner.js:121811:21)\n    at wrapped (http://localhost:8080/__cypress/runner/cypress_runner.js:141517:19)",
                "diff": null
              },
              "uuid": "04f3b507-3429-4dd3-9e49-22194955e7d5",
              "parentUUID": "5d5167b3-7f18-4758-b2f6-bd633a83322e",
              "isHook": false,
              "skipped": false
            },
            {
              "title": "should fail login with invalid credentials",
              "fullTitle": "Login API Tests should fail login with invalid credentials",
              "timedOut": null,
              "duration": 195,
              "state": "passed",
              "speed": "fast",
              "pass": true,
              "fail": false,
              "pending": false,
              "context": null,
              "code": "cy.request({\n  method: 'POST',\n  url: '/api/v1/private/login',\n  body: {\n    email: 'wrong@shopizer.com',\n    password: 'wrongpass'\n  },\n  failOnStatusCode: false\n}).then(response => {\n  expect(response.status).to.be.oneOf([400, 401]);\n});",
              "err": {},
              "uuid": "700c0f7c-9ae3-4a1c-aaf4-8272400f7960",
              "parentUUID": "5d5167b3-7f18-4758-b2f6-bd633a83322e",
              "isHook": false,
              "skipped": false
            }
          ],
          "suites": [],
          "passes": [
            "700c0f7c-9ae3-4a1c-aaf4-8272400f7960"
          ],
          "failures": [
            "04f3b507-3429-4dd3-9e49-22194955e7d5"
          ],
          "pending": [],
          "skipped": [],
          "duration": 668,
          "root": false,
          "rootEmpty": false,
          "_timeout": 2000
        }
      ],
      "passes": [],
      "failures": [],
      "pending": [],
      "skipped": [],
      "duration": 0,
      "root": true,
      "rootEmpty": true,
      "_timeout": 2000
    }
  ],
  "meta": {
    "mocha": {
      "version": "7.2.0"
    },
    "mochawesome": {
      "options": {
        "quiet": false,
        "reportFilename": "mochawesome",
        "saveHtml": true,
        "saveJson": true,
        "consoleReporter": "spec",
        "useInlineDiffs": false,
        "code": true
      },
      "version": "7.1.4"
    },
    "marge": {
      "options": {
        "reportDir": "cypress/reports",
        "overwrite": false,
        "html": true,
        "json": true
      },
      "version": "6.3.0"
    }
  }
}