{
  "stats": {
    "suites": 1,
    "tests": 13,
    "passes": 12,
    "pending": 0,
    "failures": 1,
    "start": "2025-10-10T07:56:21.962Z",
    "end": "2025-10-10T07:56:36.818Z",
    "duration": 14856,
    "testsRegistered": 13,
    "passPercent": 92.3076923076923,
    "pendingPercent": 0,
    "other": 0,
    "hasOther": false,
    "skipped": 0,
    "hasSkipped": false
  },
  "results": [
    {
      "uuid": "bb8f7b6c-e29a-4eb0-bc41-f2fb44ceeace",
      "title": "",
      "fullFile": "cypress\\e2e\\shopizer_HomePage.cy.js",
      "file": "cypress\\e2e\\shopizer_HomePage.cy.js",
      "beforeHooks": [],
      "afterHooks": [],
      "tests": [],
      "suites": [
        {
          "uuid": "5347e6a8-5b9f-4966-92ab-d90253e06f0a",
          "title": "Home Page Tests",
          "fullFile": "",
          "file": "",
          "beforeHooks": [],
          "afterHooks": [],
          "tests": [
            {
              "title": "TC01 - Verify Home Page Loads Successfully",
              "fullTitle": "Home Page Tests TC01 - Verify Home Page Loads Successfully",
              "timedOut": null,
              "duration": 1716,
              "state": "passed",
              "speed": "fast",
              "pass": true,
              "fail": false,
              "pending": false,
              "context": null,
              "code": "// Step 1: Visit Home Page\ncy.visit('http://localhost:8080/shop/');\n// Step 2: Assert Page Title\ncy.title().should('include', 'Vintage');\n// Step 3: Verify Banner is Visible\ncy.get('.logoImage').should('be.visible');\n// Step 4: Verify Featured Items Section Exists\ncy.contains('Featured').should('be.visible');",
              "err": {},
              "uuid": "09dbc0bc-f557-426b-bd8c-c0117e712383",
              "parentUUID": "5347e6a8-5b9f-4966-92ab-d90253e06f0a",
              "isHook": false,
              "skipped": false
            },
            {
              "title": "TC02 - Verify Navigation Menu Items are visible",
              "fullTitle": "Home Page Tests TC02 - Verify Navigation Menu Items are visible",
              "timedOut": null,
              "duration": 373,
              "state": "passed",
              "speed": "fast",
              "pass": true,
              "fail": false,
              "pending": false,
              "context": null,
              "code": "cy.visit('http://localhost:8080');\n// Example menu items - adjust selectors/text as per your app\ncy.get('nav').should('be.visible');\ncy.contains('Shop').should('be.visible');\ncy.contains('Contact').should('be.visible');",
              "err": {},
              "uuid": "c696516a-9974-42cf-99cd-10cae6537196",
              "parentUUID": "5347e6a8-5b9f-4966-92ab-d90253e06f0a",
              "isHook": false,
              "skipped": false
            },
            {
              "title": "TC03 - Verify Search Bar is visible on Homepage",
              "fullTitle": "Home Page Tests TC03 - Verify Search Bar is visible on Homepage",
              "timedOut": null,
              "duration": 355,
              "state": "passed",
              "speed": "fast",
              "pass": true,
              "fail": false,
              "pending": false,
              "context": null,
              "code": "cy.visit('http://localhost:8080'); // replace with your Shopizer URL\ncy.get('input[type=\"text\"][name=\"q\"]') // adjust selector if needed\n.should('be.visible').and('have.attr', 'placeholder', 'Search'); // optional check for placeholder text",
              "err": {},
              "uuid": "bc7b3bc5-8395-490b-bab8-7d64fec5ae84",
              "parentUUID": "5347e6a8-5b9f-4966-92ab-d90253e06f0a",
              "isHook": false,
              "skipped": false
            },
            {
              "title": "TC04 - Search with valid keyword shows results",
              "fullTitle": "Home Page Tests TC04 - Search with valid keyword shows results",
              "timedOut": null,
              "duration": 4992,
              "state": "failed",
              "speed": null,
              "pass": false,
              "fail": true,
              "pending": false,
              "context": null,
              "code": "cy.visit('http://localhost:8080/shop/');\ncy.get('#searchField').should('be.visible').clear().type('vintage{enter}');\n// Expect product list to have items\ncy.get('.list-group-item').should('have.length.greaterThan', 0); // fails if 0",
              "err": {
                "message": "AssertionError: Timed out retrying after 4000ms: Expected to find element: `.list-group-item`, but never found it.",
                "estack": "AssertionError: Timed out retrying after 4000ms: Expected to find element: `.list-group-item`, but never found it.\n    at Context.eval (webpack://cypress_automation/./cypress/e2e/shopizer_HomePage.cy.js:50:5)",
                "diff": null
              },
              "uuid": "fc17389f-47dc-4696-b8ae-5db8823b9e99",
              "parentUUID": "5347e6a8-5b9f-4966-92ab-d90253e06f0a",
              "isHook": false,
              "skipped": false
            },
            {
              "title": "TC05 - Search with invalid keyword shows no results",
              "fullTitle": "Home Page Tests TC05 - Search with invalid keyword shows no results",
              "timedOut": null,
              "duration": 733,
              "state": "passed",
              "speed": "fast",
              "pass": true,
              "fail": false,
              "pending": false,
              "context": null,
              "code": "cy.visit('http://localhost:8080/shop/');\n// Ensure search bar is visible\ncy.get('#searchField').should('be.visible');\n// Type invalid keyword and press Enter\ncy.get('#searchField').clear().type('qwertyxyz{enter}');\n// Wait for page load\ncy.url().should('include', '/search/search.html');\n// Verify \"0 item(s) found\" or \"No results\" message is visible\ncy.contains(/0 item\\(s\\) found|No results/i).should('be.visible');\n// Ensure no product items are listed\ncy.get('.list-group-item').should('have.length', 0);",
              "err": {},
              "uuid": "16eb23a5-b419-4b4d-bd19-7d5039133aa2",
              "parentUUID": "5347e6a8-5b9f-4966-92ab-d90253e06f0a",
              "isHook": false,
              "skipped": false
            },
            {
              "title": "TC06 - Featured products should display with name, price, and Add to Cart button",
              "fullTitle": "Home Page Tests TC06 - Featured products should display with name, price, and Add to Cart button",
              "timedOut": null,
              "duration": 487,
              "state": "passed",
              "speed": "fast",
              "pass": true,
              "fail": false,
              "pending": false,
              "context": null,
              "code": "cy.visit('http://localhost:8080/shop/');\n// Verify the Featured Items section exists\ncy.get('#featuredItemsContainer').should('be.visible');\n// Verify at least 1 product is displayed\ncy.get('#featuredItemsContainer .product').should('have.length.greaterThan', 0).each($el => {\n  // Product name should be visible\n  cy.wrap($el).find('.listing-product-name h3').should('be.visible');\n  // Product price should be visible\n  cy.wrap($el).find('[itemprop=\"price\"]').should('be.visible');\n  // Add to Cart button should be visible\n  cy.wrap($el).find('.addToCart').should('be.visible');\n});",
              "err": {},
              "uuid": "11886896-8809-4ae1-a6e4-b1b37b06506b",
              "parentUUID": "5347e6a8-5b9f-4966-92ab-d90253e06f0a",
              "isHook": false,
              "skipped": false
            },
            {
              "title": "TC07 - Discounted products should show old price and special (discounted) price",
              "fullTitle": "Home Page Tests TC07 - Discounted products should show old price and special (discounted) price",
              "timedOut": null,
              "duration": 683,
              "state": "passed",
              "speed": "fast",
              "pass": true,
              "fail": false,
              "pending": false,
              "context": null,
              "code": "cy.visit('http://localhost:8080/shop/');\n// Find products that have discounted prices\ncy.get('#featuredItemsContainer .product').each($el => {\n  if ($el.find('del').length > 0) {\n    // Old price should be visible\n    cy.wrap($el).find('del').should('be.visible');\n    // New special price should be visible\n    cy.wrap($el).find('.specialPrice').should('be.visible');\n  }\n});",
              "err": {},
              "uuid": "f526eb17-f8ac-4f61-ad87-4f3a824a0e01",
              "parentUUID": "5347e6a8-5b9f-4966-92ab-d90253e06f0a",
              "isHook": false,
              "skipped": false
            },
            {
              "title": "TC08 - Add to Cart increases cart count",
              "fullTitle": "Home Page Tests TC08 - Add to Cart increases cart count",
              "timedOut": null,
              "duration": 824,
              "state": "passed",
              "speed": "fast",
              "pass": true,
              "fail": false,
              "pending": false,
              "context": null,
              "code": "cy.visit('http://localhost:8080/shop/');\n// Get initial cart count\ncy.get('#miniCartSummary').invoke('text').then(initialCount => {\n  const initial = parseInt(initialCount.trim()) || 0;\n  // Click first Add to Cart button\n  cy.get('#featuredItemsContainer .product').first().find('.addToCart').click();\n  // Verify cart count increased by 1\n  cy.get('#miniCartSummary').invoke('text').should(newCount => {\n    const updated = parseInt(newCount.trim()) || 0;\n    expect(updated).to.eq(initial + 1);\n  });\n});",
              "err": {},
              "uuid": "54d23785-2ecf-4b26-9d15-917ca2ee8ffc",
              "parentUUID": "5347e6a8-5b9f-4966-92ab-d90253e06f0a",
              "isHook": false,
              "skipped": false
            },
            {
              "title": "TC09 - Cart dropdown displays product details correctly",
              "fullTitle": "Home Page Tests TC09 - Cart dropdown displays product details correctly",
              "timedOut": null,
              "duration": 764,
              "state": "passed",
              "speed": "fast",
              "pass": true,
              "fail": false,
              "pending": false,
              "context": null,
              "code": "cy.visit('http://localhost:8080/shop/');\n// Add first featured product to cart\ncy.get('#featuredItemsContainer .product').first().find('.addToCart').click();\n// Handle cookie consent if visible\ncy.get('div.cc-window').then($banner => {\n  if ($banner.is(':visible')) {\n    cy.log('Closing cookie consent banner');\n    cy.get('div.cc-window').invoke('remove');\n  }\n});\n// Open cart dropdown\ncy.get('.dropdown-toggle').contains('Shopping cart').click({\n  force: true\n});\n// Verify product name, price, and quantity inside dropdown\ncy.get('#miniCartDetails').within(() => {\n  cy.get('.product-name').should('be.visible');\n  cy.get('.price').should('contain', 'USD');\n  cy.get('strong').first().should('contain', '1'); // quantity\n});",
              "err": {},
              "uuid": "e57ae101-5333-4b4e-8707-f55ecb89f8dc",
              "parentUUID": "5347e6a8-5b9f-4966-92ab-d90253e06f0a",
              "isHook": false,
              "skipped": false
            },
            {
              "title": "TC10 - Remove item from cart updates cart correctly",
              "fullTitle": "Home Page Tests TC10 - Remove item from cart updates cart correctly",
              "timedOut": null,
              "duration": 1502,
              "state": "passed",
              "speed": "fast",
              "pass": true,
              "fail": false,
              "pending": false,
              "context": null,
              "code": "// Prevent Cypress from failing on uncaught JS errors from Shopizer\nCypress.on('uncaught:exception', (err, runnable) => {\n  return false;\n});\ncy.visit('http://localhost:8080/shop/');\n// Close cookie banner if visible\ncy.get('div.cc-window').then($banner => {\n  if ($banner.is(':visible')) cy.get('div.cc-window').invoke('remove');\n});\n// Add first featured product to cart\ncy.get('#featuredItemsContainer .product').first().find('.addToCart').click();\n// Wait until mini cart updates (AJAX may take time)\ncy.get('#miniCartSummary', {\n  timeout: 10000\n}).should($span => {\n  const count = parseInt($span.text()) || 0;\n  expect(count).to.be.greaterThan(0);\n});\n// Visit cart page\ncy.visit('http://localhost:8080/shop/cart/shoppingCart.html');\n// Wait until cart table loads\ncy.get('#mainCartTable tbody tr', {\n  timeout: 10000\n}).should('have.length.greaterThan', 0);\n// Capture initial cart row count\ncy.get('#mainCartTable tbody tr').then($rows => {\n  const initialCount = $rows.length;\n  // Click remove on first item\n  cy.get('.removeProductIcon').first().click({\n    force: true\n  });\n  // Verify cart row decreased by 1\n  cy.get('#mainCartTable tbody tr').should('have.length', initialCount - 1);\n  // Verify mini cart summary updated\n  cy.get('#miniCartSummary').invoke('text').then(text => {\n    const count = parseInt(text) || 0;\n    expect(count).to.eq(Math.max(initialCount - 1, 0));\n  });\n});",
              "err": {},
              "uuid": "1da44265-a207-430b-b4fb-b20c85692c0f",
              "parentUUID": "5347e6a8-5b9f-4966-92ab-d90253e06f0a",
              "isHook": false,
              "skipped": false
            },
            {
              "title": "TC11 - Footer links should be visible",
              "fullTitle": "Home Page Tests TC11 - Footer links should be visible",
              "timedOut": null,
              "duration": 1182,
              "state": "passed",
              "speed": "fast",
              "pass": true,
              "fail": false,
              "pending": false,
              "context": null,
              "code": "cy.visit('http://localhost:8080/shop/');\n// Check the footer container is visible\ncy.get('.footer-area').should('be.visible');\n// Verify some important footer links\nconst footerLinks = ['Home', 'Contact us', 'French', 'Beach bags', 'Handbags', 'Laptop Bags', 'Bags'];\nfooterLinks.forEach(link => {\n  cy.get('.footer-area').contains(link).should('be.visible');\n});\n// Check social icons only if they exist\ncy.get('.footer-social').then($social => {\n  if ($social.find('a.facebook').length > 0) {\n    cy.wrap($social).find('a.facebook').should('have.attr', 'href', 'https://www.facebook.com/Shopizer/');\n  } else {\n    cy.log('Facebook link not present, skipping check');\n  }\n});",
              "err": {},
              "uuid": "73bf906a-4e6d-4942-a2d8-c36f7463bbb4",
              "parentUUID": "5347e6a8-5b9f-4966-92ab-d90253e06f0a",
              "isHook": false,
              "skipped": false
            },
            {
              "title": "TC12 - Footer logo should be visible",
              "fullTitle": "Home Page Tests TC12 - Footer logo should be visible",
              "timedOut": null,
              "duration": 313,
              "state": "passed",
              "speed": "fast",
              "pass": true,
              "fail": false,
              "pending": false,
              "context": null,
              "code": "cy.visit('http://localhost:8080/shop/');\n// Check footer container\ncy.get('.footer-area').should('be.visible');\n// Verify the footer logo exists and has an image\ncy.get('.footer-logo img').should('be.visible').and($img => {\n  // Optional: check the src attribute is not empty\n  expect($img.attr('src')).to.not.be.empty;\n});",
              "err": {},
              "uuid": "1b5f8b50-357c-4465-9cf6-b8f050e223c7",
              "parentUUID": "5347e6a8-5b9f-4966-92ab-d90253e06f0a",
              "isHook": false,
              "skipped": false
            },
            {
              "title": "TC13 - Cart promotion code input should be visible and editable",
              "fullTitle": "Home Page Tests TC13 - Cart promotion code input should be visible and editable",
              "timedOut": null,
              "duration": 25,
              "state": "passed",
              "speed": "fast",
              "pass": true,
              "fail": false,
              "pending": false,
              "context": null,
              "code": "",
              "err": {},
              "uuid": "50879e36-8c1d-4a11-a8c8-7f35c68de5e3",
              "parentUUID": "5347e6a8-5b9f-4966-92ab-d90253e06f0a",
              "isHook": false,
              "skipped": false
            }
          ],
          "suites": [],
          "passes": [
            "09dbc0bc-f557-426b-bd8c-c0117e712383",
            "c696516a-9974-42cf-99cd-10cae6537196",
            "bc7b3bc5-8395-490b-bab8-7d64fec5ae84",
            "16eb23a5-b419-4b4d-bd19-7d5039133aa2",
            "11886896-8809-4ae1-a6e4-b1b37b06506b",
            "f526eb17-f8ac-4f61-ad87-4f3a824a0e01",
            "54d23785-2ecf-4b26-9d15-917ca2ee8ffc",
            "e57ae101-5333-4b4e-8707-f55ecb89f8dc",
            "1da44265-a207-430b-b4fb-b20c85692c0f",
            "73bf906a-4e6d-4942-a2d8-c36f7463bbb4",
            "1b5f8b50-357c-4465-9cf6-b8f050e223c7",
            "50879e36-8c1d-4a11-a8c8-7f35c68de5e3"
          ],
          "failures": [
            "fc17389f-47dc-4696-b8ae-5db8823b9e99"
          ],
          "pending": [],
          "skipped": [],
          "duration": 13949,
          "root": false,
          "rootEmpty": false,
          "_timeout": 2000
        }
      ],
      "passes": [],
      "failures": [],
      "pending": [],
      "skipped": [],
      "duration": 0,
      "root": true,
      "rootEmpty": true,
      "_timeout": 2000
    }
  ],
  "meta": {
    "mocha": {
      "version": "7.2.0"
    },
    "mochawesome": {
      "options": {
        "quiet": false,
        "reportFilename": "mochawesome",
        "saveHtml": true,
        "saveJson": true,
        "consoleReporter": "spec",
        "useInlineDiffs": false,
        "code": true
      },
      "version": "7.1.4"
    },
    "marge": {
      "options": {
        "reportDir": "cypress/reports",
        "overwrite": false,
        "html": true,
        "json": true
      },
      "version": "6.3.0"
    }
  }
}