{
  "stats": {
    "suites": 1,
    "tests": 11,
    "passes": 10,
    "pending": 0,
    "failures": 1,
    "start": "2025-10-10T06:52:13.073Z",
    "end": "2025-10-10T06:52:30.444Z",
    "duration": 17371,
    "testsRegistered": 11,
    "passPercent": 90.9090909090909,
    "pendingPercent": 0,
    "other": 0,
    "hasOther": false,
    "skipped": 0,
    "hasSkipped": false
  },
  "results": [
    {
      "uuid": "ded7bbee-bb11-4fc9-ad52-bca47a226afd",
      "title": "",
      "fullFile": "cypress\\e2e\\product_Details_page.cy.js",
      "file": "cypress\\e2e\\product_Details_page.cy.js",
      "beforeHooks": [],
      "afterHooks": [],
      "tests": [],
      "suites": [
        {
          "uuid": "dad87669-1c71-4b15-8187-7b43b1c59101",
          "title": "Product Details Page - Details Tab",
          "fullFile": "",
          "file": "",
          "beforeHooks": [],
          "afterHooks": [],
          "tests": [
            {
              "title": "TC01- should display product description and specifications",
              "fullTitle": "Product Details Page - Details Tab TC01- should display product description and specifications",
              "timedOut": null,
              "duration": 3180,
              "state": "passed",
              "speed": "fast",
              "pass": true,
              "fail": false,
              "pending": false,
              "context": null,
              "code": "// 1️⃣ Visit product details page (example URL)\ncy.visit('http://localhost:8080/shop/product/chic-vintage-deville.html');\n// 2️⃣ Verify product description\ncy.get('.product-info-tab-content p', {\n  timeout: 10000\n}).should('be.visible').and('contain.text', 'Chic vintage DeVille');\n// 3️⃣ Verify specifications: Weight, Height, Width, Length\ncy.get('dl.dl-horizontal').within(() => {\n  cy.get('dt').eq(0).should('contain.text', 'Weight');\n  cy.get('dd').eq(0).should('contain.text', '1');\n  cy.get('dt').eq(1).should('contain.text', 'Height');\n  cy.get('dd').eq(1).should('contain.text', '17');\n  cy.get('dt').eq(2).should('contain.text', 'Width');\n  cy.get('dd').eq(2).should('contain.text', '28');\n  cy.get('dt').eq(3).should('contain.text', 'Length');\n  cy.get('dd').eq(3).should('contain.text', '4');\n});",
              "err": {},
              "uuid": "743d202a-fd2f-409d-8d66-25836fd43f85",
              "parentUUID": "dad87669-1c71-4b15-8187-7b43b1c59101",
              "isHook": false,
              "skipped": false
            },
            {
              "title": "TC02-should display product details correctly",
              "fullTitle": "Product Details Page - Details Tab TC02-should display product details correctly",
              "timedOut": null,
              "duration": 345,
              "state": "passed",
              "speed": "fast",
              "pass": true,
              "fail": false,
              "pending": false,
              "context": null,
              "code": "// 1️⃣ Visit product details page\ncy.visit('http://localhost:8080/shop/product/chic-vintage-deville.html');\n// 2️⃣ Verify product name\ncy.get('h1').should('be.visible').and('contain.text', 'Chic vintage DeVille');\n// 3️⃣ Verify product price\ncy.get('#productPrice').should('be.visible').and('contain.text', 'USD60.00');\ncy.get('#productPrice del').should('contain.text', 'USD88.00');\n// 4️⃣ Verify availability\ncy.get('span[itemprop=\"availability\"]').should('be.visible').and('contain.text', '12');\n// 5️⃣ Verify product description\ncy.get('.product-info-tab-content p').should('be.visible').and('contain.text', 'Chic vintage DeVille');\n// 6️⃣ Optional: verify dimensions\ncy.get('dl dt').eq(0).should('contain.text', 'Weight');\ncy.get('dl dd').eq(0).should('contain.text', '1');",
              "err": {},
              "uuid": "35968970-56ef-4e1e-800d-1ce7896d6926",
              "parentUUID": "dad87669-1c71-4b15-8187-7b43b1c59101",
              "isHook": false,
              "skipped": false
            },
            {
              "title": "TC03 - should add product to cart successfully",
              "fullTitle": "Product Details Page - Details Tab TC03 - should add product to cart successfully",
              "timedOut": null,
              "duration": 368,
              "state": "passed",
              "speed": "fast",
              "pass": true,
              "fail": false,
              "pending": false,
              "context": null,
              "code": "// Visit the product details page\ncy.visit('http://localhost:8080/shop/product/chic-vintage-deville.html');\n// 1️⃣ Ensure Add to Cart button is visible and click it\ncy.get('button.addToCartButton', {\n  timeout: 10000\n}).scrollIntoView().should('be.visible').click();\n// 2️⃣ Verify mini cart updated\ncy.get('#miniCartSummary', {\n  timeout: 10000\n}).should('be.visible').and('contain.text', '1');",
              "err": {},
              "uuid": "843f56bf-2001-4dc1-9889-f4d817dcf8fe",
              "parentUUID": "dad87669-1c71-4b15-8187-7b43b1c59101",
              "isHook": false,
              "skipped": false
            },
            {
              "title": "TC04 - should display correct product description and details",
              "fullTitle": "Product Details Page - Details Tab TC04 - should display correct product description and details",
              "timedOut": null,
              "duration": 389,
              "state": "passed",
              "speed": "fast",
              "pass": true,
              "fail": false,
              "pending": false,
              "context": null,
              "code": "// Visit the product details page\ncy.visit('http://localhost:8080/shop/product/chic-vintage-deville.html');\n// 1️⃣ Verify product title\ncy.get('.product-simple-content h1', {\n  timeout: 10000\n}).should('be.visible').and('contain.text', 'Chic vintage DeVille');\n// 2️⃣ Verify product description\ncy.get('.product-info-tab-content p', {\n  timeout: 10000\n}).should('be.visible').and('contain.text', 'Chic vintage DeVille');\n// 3️⃣ Verify product specifications (Weight, Height, Width, Length)\ncy.get('.product-info-tab-content dl', {\n  timeout: 10000\n}).should('be.visible').within(() => {\n  cy.get('dt').eq(0).should('contain.text', 'Weight');\n  cy.get('dd').eq(0).should('contain.text', '1');\n  cy.get('dt').eq(1).should('contain.text', 'Height');\n  cy.get('dd').eq(1).should('contain.text', '17');\n  cy.get('dt').eq(2).should('contain.text', 'Width');\n  cy.get('dd').eq(2).should('contain.text', '28');\n  cy.get('dt').eq(3).should('contain.text', 'Length');\n  cy.get('dd').eq(3).should('contain.text', '4');\n});",
              "err": {},
              "uuid": "bb803bd9-0b9b-4bd5-94e6-54eb3a64cd89",
              "parentUUID": "dad87669-1c71-4b15-8187-7b43b1c59101",
              "isHook": false,
              "skipped": false
            },
            {
              "title": "TC05 - should display correct product price and special price",
              "fullTitle": "Product Details Page - Details Tab TC05 - should display correct product price and special price",
              "timedOut": null,
              "duration": 335,
              "state": "passed",
              "speed": "fast",
              "pass": true,
              "fail": false,
              "pending": false,
              "context": null,
              "code": "// Visit the product details page\ncy.visit('http://localhost:8080/shop/product/chic-vintage-deville.html');\n// 1️⃣ Verify the original price (del)\ncy.get('.product-simple-content h4 del', {\n  timeout: 10000\n}).should('be.visible').and('contain.text', 'USD88.00');\n// 2️⃣ Verify the special price\ncy.get('.product-simple-content h4 .specialPrice', {\n  timeout: 10000\n}).should('be.visible').and('contain.text', 'USD60.00');\n// Optional: Verify itemprop price\ncy.get('.specialPrice [itemprop=\"price\"]').should('contain.text', '60.00');",
              "err": {},
              "uuid": "eea47302-560f-4cef-a272-a2371f0e902f",
              "parentUUID": "dad87669-1c71-4b15-8187-7b43b1c59101",
              "isHook": false,
              "skipped": false
            },
            {
              "title": "TC06 - should update mini cart count when product is added",
              "fullTitle": "Product Details Page - Details Tab TC06 - should update mini cart count when product is added",
              "timedOut": null,
              "duration": 581,
              "state": "passed",
              "speed": "fast",
              "pass": true,
              "fail": false,
              "pending": false,
              "context": null,
              "code": "// Visit the product details page\ncy.visit('http://localhost:8080/shop/product/chic-vintage-deville.html');\n// 1️⃣ Click Add to Cart button\ncy.get('.addToCartButton', {\n  timeout: 10000\n}).should('be.visible').click();\n// 2️⃣ Verify mini cart count is updated\ncy.get('#miniCartSummary', {\n  timeout: 10000\n}).should('be.visible').and($span => {\n  const text = $span.text().trim();\n  expect(text).to.match(/\\d+/); // Should contain a number\n  expect(parseInt(text)).to.be.greaterThan(0); // At least 1 item\n});",
              "err": {},
              "uuid": "04978cc0-ef16-4b24-9cfe-daf952479d8e",
              "parentUUID": "dad87669-1c71-4b15-8187-7b43b1c59101",
              "isHook": false,
              "skipped": false
            },
            {
              "title": "TC07 - should display product description correctly",
              "fullTitle": "Product Details Page - Details Tab TC07 - should display product description correctly",
              "timedOut": null,
              "duration": 368,
              "state": "passed",
              "speed": "fast",
              "pass": true,
              "fail": false,
              "pending": false,
              "context": null,
              "code": "// Visit the product details page\ncy.visit('http://localhost:8080/shop/product/chic-vintage-deville.html');\n// 1️⃣ Scroll to the first Product Description section\ncy.get('.product-info-detailed', {\n  timeout: 10000\n}).first() // only take the first element\n.scrollIntoView().should('be.visible');\n// 2️⃣ Verify Product Description text\ncy.get('.product-info-detailed .tab-pane.active .product-info-tab-content p', {\n  timeout: 10000\n}).should('be.visible').and('contain.text', 'Chic vintage DeVille');\n// 3️⃣ Verify product dimensions exist (Weight, Height, Width, Length)\ncy.get('.product-info-detailed .tab-pane.active dl', {\n  timeout: 10000\n}).within(() => {\n  cy.get('dt').should('contain.text', 'Weight');\n  cy.get('dt').should('contain.text', 'Height');\n  cy.get('dt').should('contain.text', 'Width');\n  cy.get('dt').should('contain.text', 'Length');\n});",
              "err": {},
              "uuid": "a8662b3f-5718-4fd5-81c0-c60792f229e7",
              "parentUUID": "dad87669-1c71-4b15-8187-7b43b1c59101",
              "isHook": false,
              "skipped": false
            },
            {
              "title": "TC08 - should display product price correctly",
              "fullTitle": "Product Details Page - Details Tab TC08 - should display product price correctly",
              "timedOut": null,
              "duration": 290,
              "state": "passed",
              "speed": "fast",
              "pass": true,
              "fail": false,
              "pending": false,
              "context": null,
              "code": "// Visit the product details page\ncy.visit('http://localhost:8080/shop/product/chic-vintage-deville.html');\n// 1️⃣ Scroll to the price section\ncy.get('#productPrice', {\n  timeout: 10000\n}).scrollIntoView().should('be.visible');\n// 2️⃣ Verify regular price (del tag)\ncy.get('#productPrice del').should('be.visible').and('contain.text', 'USD88.00');\n// 3️⃣ Verify special price (span.specialPrice)\ncy.get('#productPrice .specialPrice').should('be.visible').and('contain.text', 'USD60.00');",
              "err": {},
              "uuid": "702ff6df-d0a0-4631-b9b9-15e2807ca7ff",
              "parentUUID": "dad87669-1c71-4b15-8187-7b43b1c59101",
              "isHook": false,
              "skipped": false
            },
            {
              "title": "TC09 - should display product availability correctly",
              "fullTitle": "Product Details Page - Details Tab TC09 - should display product availability correctly",
              "timedOut": null,
              "duration": 233,
              "state": "passed",
              "speed": "fast",
              "pass": true,
              "fail": false,
              "pending": false,
              "context": null,
              "code": "// Visit the product details page\ncy.visit('http://localhost:8080/shop/product/chic-vintage-deville.html');\n// 1️⃣ Scroll to the availability section\ncy.get('.checkbox', {\n  timeout: 10000\n}).first().scrollIntoView().should('be.visible');\n// 2️⃣ Verify \"Available\" text is present\ncy.get('.checkbox').first().should('contain.text', 'Available');\n// 3️⃣ Verify stock quantity exists\ncy.get('.checkbox span[itemprop=\"availability\"]').should('exist').and('contain.text', '12');",
              "err": {},
              "uuid": "ed9d5c3a-4f75-491d-a397-b8557801c219",
              "parentUUID": "dad87669-1c71-4b15-8187-7b43b1c59101",
              "isHook": false,
              "skipped": false
            },
            {
              "title": "TC10 - should display product price correctly",
              "fullTitle": "Product Details Page - Details Tab TC10 - should display product price correctly",
              "timedOut": null,
              "duration": 229,
              "state": "passed",
              "speed": "fast",
              "pass": true,
              "fail": false,
              "pending": false,
              "context": null,
              "code": "// Visit the product details page\ncy.visit('http://localhost:8080/shop/product/chic-vintage-deville.html');\n// 1️⃣ Scroll to the price section\ncy.get('#productPrice', {\n  timeout: 10000\n}).scrollIntoView().should('be.visible');\n// 2️⃣ Verify original price is shown (strikethrough)\ncy.get('#productPrice del').should('contain.text', 'USD88.00');\n// 3️⃣ Verify discounted price is shown correctly\ncy.get('#productPrice .specialPrice span[itemprop=\"price\"]').should('contain.text', 'USD60.00');",
              "err": {},
              "uuid": "09e6b1b3-2714-47a9-9291-60ed7f9a46e5",
              "parentUUID": "dad87669-1c71-4b15-8187-7b43b1c59101",
              "isHook": false,
              "skipped": false
            },
            {
              "title": "TC11 - should add product to wishlist successfully",
              "fullTitle": "Product Details Page - Details Tab TC11 - should add product to wishlist successfully",
              "timedOut": null,
              "duration": 10444,
              "state": "failed",
              "speed": null,
              "pass": false,
              "fail": true,
              "pending": false,
              "context": null,
              "code": "// Visit the product details page\ncy.visit('http://localhost:8080/shop/product/chic-vintage-deville.html');\n// 1️⃣ Click on \"Add to Wishlist\" button\ncy.get('.addToWishlistButton', {\n  timeout: 10000\n}).should('be.visible').click();\n// 2️⃣ Verify success message or wishlist count update\ncy.get('.wishlist-notification', {\n  timeout: 10000\n}).should('be.visible').and('contain.text', 'Product added to your wishlist');",
              "err": {
                "message": "AssertionError: Timed out retrying after 10000ms: Expected to find element: `.addToWishlistButton`, but never found it.",
                "estack": "AssertionError: Timed out retrying after 10000ms: Expected to find element: `.addToWishlistButton`, but never found it.\n    at Context.eval (webpack://cypress_automation/./cypress/e2e/product_Details_page.cy.js:227:5)",
                "diff": null
              },
              "uuid": "ced43e34-e0ae-4487-8ba4-0c3677fa0007",
              "parentUUID": "dad87669-1c71-4b15-8187-7b43b1c59101",
              "isHook": false,
              "skipped": false
            }
          ],
          "suites": [],
          "passes": [
            "743d202a-fd2f-409d-8d66-25836fd43f85",
            "35968970-56ef-4e1e-800d-1ce7896d6926",
            "843f56bf-2001-4dc1-9889-f4d817dcf8fe",
            "bb803bd9-0b9b-4bd5-94e6-54eb3a64cd89",
            "eea47302-560f-4cef-a272-a2371f0e902f",
            "04978cc0-ef16-4b24-9cfe-daf952479d8e",
            "a8662b3f-5718-4fd5-81c0-c60792f229e7",
            "702ff6df-d0a0-4631-b9b9-15e2807ca7ff",
            "ed9d5c3a-4f75-491d-a397-b8557801c219",
            "09e6b1b3-2714-47a9-9291-60ed7f9a46e5"
          ],
          "failures": [
            "ced43e34-e0ae-4487-8ba4-0c3677fa0007"
          ],
          "pending": [],
          "skipped": [],
          "duration": 16762,
          "root": false,
          "rootEmpty": false,
          "_timeout": 2000
        }
      ],
      "passes": [],
      "failures": [],
      "pending": [],
      "skipped": [],
      "duration": 0,
      "root": true,
      "rootEmpty": true,
      "_timeout": 2000
    }
  ],
  "meta": {
    "mocha": {
      "version": "7.2.0"
    },
    "mochawesome": {
      "options": {
        "quiet": false,
        "reportFilename": "mochawesome",
        "saveHtml": true,
        "saveJson": true,
        "consoleReporter": "spec",
        "useInlineDiffs": false,
        "code": true
      },
      "version": "7.1.4"
    },
    "marge": {
      "options": {
        "reportDir": "cypress/reports",
        "overwrite": false,
        "html": true,
        "json": true,
        "charts": true,
        "reportTitle": "Shopizer Cypress Test Report",
        "embeddedScreenshots": true,
        "inlineAssets": true
      },
      "version": "6.3.0"
    }
  }
}