{
  "stats": {
    "suites": 1,
    "tests": 6,
    "passes": 5,
    "pending": 1,
    "failures": 0,
    "start": "2025-10-10T07:58:26.151Z",
    "end": "2025-10-10T07:58:45.933Z",
    "duration": 19782,
    "testsRegistered": 6,
    "passPercent": 100,
    "pendingPercent": 16.666666666666664,
    "other": 0,
    "hasOther": false,
    "skipped": 0,
    "hasSkipped": false
  },
  "results": [
    {
      "uuid": "eebe72b3-623d-476c-aa0c-43d49764cb7c",
      "title": "",
      "fullFile": "cypress\\e2e\\admin_Dashboard_page.cy.js",
      "file": "cypress\\e2e\\admin_Dashboard_page.cy.js",
      "beforeHooks": [],
      "afterHooks": [],
      "tests": [],
      "suites": [
        {
          "uuid": "e631c8e1-a649-4956-b560-32b00297c5a9",
          "title": "Admin Dashboard Page Tests",
          "fullFile": "",
          "file": "",
          "beforeHooks": [],
          "afterHooks": [],
          "tests": [
            {
              "title": "TC01 - should display dashboard main elements",
              "fullTitle": "Admin Dashboard Page Tests TC01 - should display dashboard main elements",
              "timedOut": null,
              "duration": 4779,
              "state": "passed",
              "speed": "fast",
              "pass": true,
              "fail": false,
              "pending": false,
              "context": null,
              "code": "// Verify top bar with admin email dropdown\ncy.get('a.dropdown-toggle').contains('admin@shopizer.com').should('be.visible');\n// Verify My profile and Logout options exist in dropdown\ncy.get('a.dropdown-toggle').contains('admin@shopizer.com').click();\ncy.get('ul.dropdown-menu a').contains('My profile').should('be.visible');\ncy.get('ul.dropdown-menu a').contains('Logout').should('be.visible');\n// Verify language dropdown exists\ncy.get('a.dropdown-toggle').contains('Language').should('be.visible');\ncy.get('a.dropdown-toggle').contains('Language').click();\ncy.get('ul.dropdown-menu a').contains('en').should('be.visible');\ncy.get('ul.dropdown-menu a').contains('fr').should('be.visible');\n// Verify Shopizer logo is visible\ncy.get('.brand img[src*=\"shopizer_small.jpg\"]').should('be.visible');\n// Verify Home icon link exists\ncy.get('a[href=\"/admin/home.html\"] i.icon-home').should('be.visible');",
              "err": {},
              "uuid": "88d6682c-e46a-41bd-b62d-2c4734affcef",
              "parentUUID": "e631c8e1-a649-4956-b560-32b00297c5a9",
              "isHook": false,
              "skipped": false
            },
            {
              "title": "TC02 - should open My Profile page from dashboard",
              "fullTitle": "Admin Dashboard Page Tests TC02 - should open My Profile page from dashboard",
              "timedOut": null,
              "duration": 4699,
              "state": "passed",
              "speed": "fast",
              "pass": true,
              "fail": false,
              "pending": false,
              "context": null,
              "code": "// 1️⃣ Login as admin\ncy.visit('http://localhost:8080/admin/logon.html');\ncy.get('#username').type('admin@shopizer.com');\ncy.get('#password').type('password');\ncy.get('#formSubmitButton').click();\n// 2️⃣ Open My Profile page via User dropdown\ncy.get('a.dropdown-toggle').contains('admin@shopizer.com').click();\ncy.get('ul.dropdown-menu a').contains('My profile').click();\n// 3️⃣ Verify URL\ncy.url().should('include', '/admin/users/displayUser.html');\n// 4️⃣ Verify heading exists (use actual heading text)\ncy.get('h3').should('exist').and('contain.text', 'Edit user');",
              "err": {},
              "uuid": "7a186fb9-fba8-437b-8167-2f4f229c229a",
              "parentUUID": "e631c8e1-a649-4956-b560-32b00297c5a9",
              "isHook": false,
              "skipped": false
            },
            {
              "title": "TC03 - should update admin profile fields and save successfully",
              "fullTitle": "Admin Dashboard Page Tests TC03 - should update admin profile fields and save successfully",
              "timedOut": null,
              "duration": 3942,
              "state": "passed",
              "speed": "fast",
              "pass": true,
              "fail": false,
              "pending": false,
              "context": null,
              "code": "// 2️⃣ Open My Profile page\ncy.contains('admin@shopizer.com').click();\ncy.contains('My profile').click();\n// Correct URL assertion\ncy.url().should('include', '/admin/users/displayUser.html');\n// 3️⃣ Update profile fields\ncy.get('#firstName').clear().type('AdminUpdated');\ncy.get('#lastName').clear().type('UserUpdated');\n// Optional: Update email if needed\n// cy.get('#adminEmail').clear().type('adminupdated@shopizer.com');\n// 4️⃣ Click Save\ncy.get('button.btn-success').click();\n// 5️⃣ Verify profile fields are updated\ncy.get('#firstName').should('have.value', 'AdminUpdated');\ncy.get('#lastName').should('have.value', 'UserUpdated');\n// Note: #store.success may not appear immediately due to Shopizer behavior\n// If needed, you can check for visibility after a small wait:\n// cy.get('#store.success', { timeout: 5000 }).should('be.visible');",
              "err": {},
              "uuid": "38fdc120-7d2d-4301-9dc4-523dcb1eac8e",
              "parentUUID": "e631c8e1-a649-4956-b560-32b00297c5a9",
              "isHook": false,
              "skipped": false
            },
            {
              "title": "TC04 - Search Orders with valid keyword shows results",
              "fullTitle": "Admin Dashboard Page Tests TC04 - Search Orders with valid keyword shows results",
              "timedOut": null,
              "duration": 2954,
              "state": "passed",
              "speed": "fast",
              "pass": true,
              "fail": false,
              "pending": false,
              "context": null,
              "code": "cy.visit('http://localhost:8080/admin/home.html');\nconst customerName = 'Johny'; // Use first name for reliable search\n// Type the customer name\ncy.get('input[name=\"customer\"]').clear().type(customerName);\n// Wait for the grid to update dynamically\ncy.get('div.gridBody', {\n  timeout: 10000\n}).should('be.visible');\n// Get all rows after grid update\ncy.get('div.gridBody div[role=\"presentation\"]', {\n  timeout: 10000\n}).should('exist').then($rows => {\n  // Assert at least one row contains the customer name\n  const matches = $rows.toArray().filter(row => row.innerText.includes(customerName));\n  expect(matches.length).to.be.greaterThan(0);\n});",
              "err": {},
              "uuid": "8abef6c9-bdb1-4093-af72-c0a993d01897",
              "parentUUID": "e631c8e1-a649-4956-b560-32b00297c5a9",
              "isHook": false,
              "skipped": false
            },
            {
              "title": "TC05 - Search Orders with invalid keyword shows no results",
              "fullTitle": "Admin Dashboard Page Tests TC05 - Search Orders with invalid keyword shows no results",
              "timedOut": null,
              "duration": 2893,
              "state": "passed",
              "speed": "fast",
              "pass": true,
              "fail": false,
              "pending": false,
              "context": null,
              "code": "cy.visit('http://localhost:8080/admin/home.html');\nconst invalidCustomer = 'Invalid Name 123';\n// Type the invalid customer name\ncy.get('input[name=\"customer\"]').clear().type(invalidCustomer);\n// Wait for the grid to update dynamically\ncy.get('div.gridBody', {\n  timeout: 10000\n}).should('be.visible');\n// Assert that the \"No items to show.\" message is visible\ncy.get('td.emptyMessage', {\n  timeout: 10000\n}).should('be.visible').and('contain.text', 'No items to show.');\n// Assert that no data rows are present\ncy.get('div.gridBody div[role=\"presentation\"]').should('have.length', 0);",
              "err": {},
              "uuid": "7237dfbb-56c5-4e6e-90fd-2de2895769d4",
              "parentUUID": "e631c8e1-a649-4956-b560-32b00297c5a9",
              "isHook": false,
              "skipped": false
            },
            {
              "title": "TC06 - Update Order Status from Orders List",
              "fullTitle": "Admin Dashboard Page Tests TC06 - Update Order Status from Orders List",
              "timedOut": null,
              "duration": 0,
              "state": "pending",
              "speed": null,
              "pass": false,
              "fail": false,
              "pending": true,
              "context": null,
              "code": "// This test is skipped because the order status update feature is not present",
              "err": {},
              "uuid": "7c5c0ac2-f3b8-43b4-8611-e94f0b000cc1",
              "parentUUID": "e631c8e1-a649-4956-b560-32b00297c5a9",
              "isHook": false,
              "skipped": false
            }
          ],
          "suites": [],
          "passes": [
            "88d6682c-e46a-41bd-b62d-2c4734affcef",
            "7a186fb9-fba8-437b-8167-2f4f229c229a",
            "38fdc120-7d2d-4301-9dc4-523dcb1eac8e",
            "8abef6c9-bdb1-4093-af72-c0a993d01897",
            "7237dfbb-56c5-4e6e-90fd-2de2895769d4"
          ],
          "failures": [],
          "pending": [
            "7c5c0ac2-f3b8-43b4-8611-e94f0b000cc1"
          ],
          "skipped": [],
          "duration": 19267,
          "root": false,
          "rootEmpty": false,
          "_timeout": 2000
        }
      ],
      "passes": [],
      "failures": [],
      "pending": [],
      "skipped": [],
      "duration": 0,
      "root": true,
      "rootEmpty": true,
      "_timeout": 2000
    }
  ],
  "meta": {
    "mocha": {
      "version": "7.2.0"
    },
    "mochawesome": {
      "options": {
        "quiet": false,
        "reportFilename": "mochawesome",
        "saveHtml": true,
        "saveJson": true,
        "consoleReporter": "spec",
        "useInlineDiffs": false,
        "code": true
      },
      "version": "7.1.4"
    },
    "marge": {
      "options": {
        "reportDir": "cypress/reports",
        "overwrite": false,
        "html": true,
        "json": true
      },
      "version": "6.3.0"
    }
  }
}