{
  "stats": {
    "suites": 1,
    "tests": 13,
    "passes": 12,
    "pending": 0,
    "failures": 1,
    "start": "2025-10-10T06:53:02.243Z",
    "end": "2025-10-10T06:53:15.063Z",
    "duration": 12820,
    "testsRegistered": 13,
    "passPercent": 92.3076923076923,
    "pendingPercent": 0,
    "other": 0,
    "hasOther": false,
    "skipped": 0,
    "hasSkipped": false
  },
  "results": [
    {
      "uuid": "9534f55e-f69e-4268-b537-4933e7ffc556",
      "title": "",
      "fullFile": "cypress\\e2e\\shopizer_HomePage.cy.js",
      "file": "cypress\\e2e\\shopizer_HomePage.cy.js",
      "beforeHooks": [],
      "afterHooks": [],
      "tests": [],
      "suites": [
        {
          "uuid": "3c276dd8-9b7b-46e4-96e3-2e2adb74734b",
          "title": "Home Page Tests",
          "fullFile": "",
          "file": "",
          "beforeHooks": [],
          "afterHooks": [],
          "tests": [
            {
              "title": "TC01 - Verify Home Page Loads Successfully",
              "fullTitle": "Home Page Tests TC01 - Verify Home Page Loads Successfully",
              "timedOut": null,
              "duration": 1306,
              "state": "passed",
              "speed": "fast",
              "pass": true,
              "fail": false,
              "pending": false,
              "context": null,
              "code": "// Step 1: Visit Home Page\ncy.visit('http://localhost:8080/shop/');\n// Step 2: Assert Page Title\ncy.title().should('include', 'Vintage');\n// Step 3: Verify Banner is Visible\ncy.get('.logoImage').should('be.visible');\n// Step 4: Verify Featured Items Section Exists\ncy.contains('Featured').should('be.visible');",
              "err": {},
              "uuid": "b62aac70-edd6-425d-b82e-d0c62fea0b7f",
              "parentUUID": "3c276dd8-9b7b-46e4-96e3-2e2adb74734b",
              "isHook": false,
              "skipped": false
            },
            {
              "title": "TC02 - Verify Navigation Menu Items are visible",
              "fullTitle": "Home Page Tests TC02 - Verify Navigation Menu Items are visible",
              "timedOut": null,
              "duration": 413,
              "state": "passed",
              "speed": "fast",
              "pass": true,
              "fail": false,
              "pending": false,
              "context": null,
              "code": "cy.visit('http://localhost:8080');\n// Example menu items - adjust selectors/text as per your app\ncy.get('nav').should('be.visible');\ncy.contains('Shop').should('be.visible');\ncy.contains('Contact').should('be.visible');",
              "err": {},
              "uuid": "4445b621-dbae-4c4b-92ab-08069c99af29",
              "parentUUID": "3c276dd8-9b7b-46e4-96e3-2e2adb74734b",
              "isHook": false,
              "skipped": false
            },
            {
              "title": "TC03 - Verify Search Bar is visible on Homepage",
              "fullTitle": "Home Page Tests TC03 - Verify Search Bar is visible on Homepage",
              "timedOut": null,
              "duration": 274,
              "state": "passed",
              "speed": "fast",
              "pass": true,
              "fail": false,
              "pending": false,
              "context": null,
              "code": "cy.visit('http://localhost:8080'); // replace with your Shopizer URL\ncy.get('input[type=\"text\"][name=\"q\"]') // adjust selector if needed\n.should('be.visible').and('have.attr', 'placeholder', 'Search'); // optional check for placeholder text",
              "err": {},
              "uuid": "4b13b04f-9252-48c0-9c15-32964cf08941",
              "parentUUID": "3c276dd8-9b7b-46e4-96e3-2e2adb74734b",
              "isHook": false,
              "skipped": false
            },
            {
              "title": "TC04 - Search with valid keyword shows results",
              "fullTitle": "Home Page Tests TC04 - Search with valid keyword shows results",
              "timedOut": null,
              "duration": 5322,
              "state": "failed",
              "speed": null,
              "pass": false,
              "fail": true,
              "pending": false,
              "context": null,
              "code": "cy.visit('http://localhost:8080/shop/');\ncy.get('#searchField').should('be.visible').clear().type('vintage{enter}');\n// Expect product list to have items\ncy.get('.list-group-item').should('have.length.greaterThan', 0); // fails if 0",
              "err": {
                "message": "AssertionError: Timed out retrying after 4000ms: Expected to find element: `.list-group-item`, but never found it.",
                "estack": "AssertionError: Timed out retrying after 4000ms: Expected to find element: `.list-group-item`, but never found it.\n    at Context.eval (webpack://cypress_automation/./cypress/e2e/shopizer_HomePage.cy.js:50:5)",
                "diff": null
              },
              "uuid": "aa54f620-f750-451e-a8be-83be2e8c9b0b",
              "parentUUID": "3c276dd8-9b7b-46e4-96e3-2e2adb74734b",
              "isHook": false,
              "skipped": false
            },
            {
              "title": "TC05 - Search with invalid keyword shows no results",
              "fullTitle": "Home Page Tests TC05 - Search with invalid keyword shows no results",
              "timedOut": null,
              "duration": 1566,
              "state": "passed",
              "speed": "fast",
              "pass": true,
              "fail": false,
              "pending": false,
              "context": null,
              "code": "cy.visit('http://localhost:8080/shop/');\n// Ensure search bar is visible\ncy.get('#searchField').should('be.visible');\n// Type invalid keyword and press Enter\ncy.get('#searchField').clear().type('qwertyxyz{enter}');\n// Wait for page load\ncy.url().should('include', '/search/search.html');\n// Verify \"0 item(s) found\" or \"No results\" message is visible\ncy.contains(/0 item\\(s\\) found|No results/i).should('be.visible');\n// Ensure no product items are listed\ncy.get('.list-group-item').should('have.length', 0);",
              "err": {},
              "uuid": "fc6441b2-edd5-4803-a581-b2c656677933",
              "parentUUID": "3c276dd8-9b7b-46e4-96e3-2e2adb74734b",
              "isHook": false,
              "skipped": false
            },
            {
              "title": "TC06 - Featured products should display with name, price, and Add to Cart button",
              "fullTitle": "Home Page Tests TC06 - Featured products should display with name, price, and Add to Cart button",
              "timedOut": null,
              "duration": 388,
              "state": "passed",
              "speed": "fast",
              "pass": true,
              "fail": false,
              "pending": false,
              "context": null,
              "code": "cy.visit('http://localhost:8080/shop/');\n// Verify the Featured Items section exists\ncy.get('#featuredItemsContainer').should('be.visible');\n// Verify at least 1 product is displayed\ncy.get('#featuredItemsContainer .product').should('have.length.greaterThan', 0).each($el => {\n  // Product name should be visible\n  cy.wrap($el).find('.listing-product-name h3').should('be.visible');\n  // Product price should be visible\n  cy.wrap($el).find('[itemprop=\"price\"]').should('be.visible');\n  // Add to Cart button should be visible\n  cy.wrap($el).find('.addToCart').should('be.visible');\n});",
              "err": {},
              "uuid": "cbf0ec45-0f7b-42c9-a215-29844e03c9bd",
              "parentUUID": "3c276dd8-9b7b-46e4-96e3-2e2adb74734b",
              "isHook": false,
              "skipped": false
            },
            {
              "title": "TC07 - Discounted products should show old price and special (discounted) price",
              "fullTitle": "Home Page Tests TC07 - Discounted products should show old price and special (discounted) price",
              "timedOut": null,
              "duration": 271,
              "state": "passed",
              "speed": "fast",
              "pass": true,
              "fail": false,
              "pending": false,
              "context": null,
              "code": "cy.visit('http://localhost:8080/shop/');\n// Find products that have discounted prices\ncy.get('#featuredItemsContainer .product').each($el => {\n  if ($el.find('del').length > 0) {\n    // Old price should be visible\n    cy.wrap($el).find('del').should('be.visible');\n    // New special price should be visible\n    cy.wrap($el).find('.specialPrice').should('be.visible');\n  }\n});",
              "err": {},
              "uuid": "3311e06b-9a00-41ea-885b-db09fc7044b3",
              "parentUUID": "3c276dd8-9b7b-46e4-96e3-2e2adb74734b",
              "isHook": false,
              "skipped": false
            },
            {
              "title": "TC08 - Add to Cart increases cart count",
              "fullTitle": "Home Page Tests TC08 - Add to Cart increases cart count",
              "timedOut": null,
              "duration": 362,
              "state": "passed",
              "speed": "fast",
              "pass": true,
              "fail": false,
              "pending": false,
              "context": null,
              "code": "cy.visit('http://localhost:8080/shop/');\n// Get initial cart count\ncy.get('#miniCartSummary').invoke('text').then(initialCount => {\n  const initial = parseInt(initialCount.trim()) || 0;\n  // Click first Add to Cart button\n  cy.get('#featuredItemsContainer .product').first().find('.addToCart').click();\n  // Verify cart count increased by 1\n  cy.get('#miniCartSummary').invoke('text').should(newCount => {\n    const updated = parseInt(newCount.trim()) || 0;\n    expect(updated).to.eq(initial + 1);\n  });\n});",
              "err": {},
              "uuid": "4ba7e2f1-aab2-4655-8b95-cec97e47e41d",
              "parentUUID": "3c276dd8-9b7b-46e4-96e3-2e2adb74734b",
              "isHook": false,
              "skipped": false
            },
            {
              "title": "TC09 - Cart dropdown displays product details correctly",
              "fullTitle": "Home Page Tests TC09 - Cart dropdown displays product details correctly",
              "timedOut": null,
              "duration": 515,
              "state": "passed",
              "speed": "fast",
              "pass": true,
              "fail": false,
              "pending": false,
              "context": null,
              "code": "cy.visit('http://localhost:8080/shop/');\n// Add first featured product to cart\ncy.get('#featuredItemsContainer .product').first().find('.addToCart').click();\n// Handle cookie consent if visible\ncy.get('div.cc-window').then($banner => {\n  if ($banner.is(':visible')) {\n    cy.log('Closing cookie consent banner');\n    cy.get('div.cc-window').invoke('remove');\n  }\n});\n// Open cart dropdown\ncy.get('.dropdown-toggle').contains('Shopping cart').click({\n  force: true\n});\n// Verify product name, price, and quantity inside dropdown\ncy.get('#miniCartDetails').within(() => {\n  cy.get('.product-name').should('be.visible');\n  cy.get('.price').should('contain', 'USD');\n  cy.get('strong').first().should('contain', '1'); // quantity\n});",
              "err": {},
              "uuid": "424bb495-3dfc-49d4-8b53-b0e941fee447",
              "parentUUID": "3c276dd8-9b7b-46e4-96e3-2e2adb74734b",
              "isHook": false,
              "skipped": false
            },
            {
              "title": "TC10 - Remove item from cart updates cart correctly",
              "fullTitle": "Home Page Tests TC10 - Remove item from cart updates cart correctly",
              "timedOut": null,
              "duration": 1198,
              "state": "passed",
              "speed": "fast",
              "pass": true,
              "fail": false,
              "pending": false,
              "context": null,
              "code": "// Prevent Cypress from failing on uncaught JS errors from Shopizer\nCypress.on('uncaught:exception', (err, runnable) => {\n  return false;\n});\ncy.visit('http://localhost:8080/shop/');\n// Close cookie banner if visible\ncy.get('div.cc-window').then($banner => {\n  if ($banner.is(':visible')) cy.get('div.cc-window').invoke('remove');\n});\n// Add first featured product to cart\ncy.get('#featuredItemsContainer .product').first().find('.addToCart').click();\n// Wait until mini cart updates (AJAX may take time)\ncy.get('#miniCartSummary', {\n  timeout: 10000\n}).should($span => {\n  const count = parseInt($span.text()) || 0;\n  expect(count).to.be.greaterThan(0);\n});\n// Visit cart page\ncy.visit('http://localhost:8080/shop/cart/shoppingCart.html');\n// Wait until cart table loads\ncy.get('#mainCartTable tbody tr', {\n  timeout: 10000\n}).should('have.length.greaterThan', 0);\n// Capture initial cart row count\ncy.get('#mainCartTable tbody tr').then($rows => {\n  const initialCount = $rows.length;\n  // Click remove on first item\n  cy.get('.removeProductIcon').first().click({\n    force: true\n  });\n  // Verify cart row decreased by 1\n  cy.get('#mainCartTable tbody tr').should('have.length', initialCount - 1);\n  // Verify mini cart summary updated\n  cy.get('#miniCartSummary').invoke('text').then(text => {\n    const count = parseInt(text) || 0;\n    expect(count).to.eq(Math.max(initialCount - 1, 0));\n  });\n});",
              "err": {},
              "uuid": "e3bfa4ac-52d2-40c3-8b0a-e2afa1b76259",
              "parentUUID": "3c276dd8-9b7b-46e4-96e3-2e2adb74734b",
              "isHook": false,
              "skipped": false
            },
            {
              "title": "TC11 - Footer links should be visible",
              "fullTitle": "Home Page Tests TC11 - Footer links should be visible",
              "timedOut": null,
              "duration": 362,
              "state": "passed",
              "speed": "fast",
              "pass": true,
              "fail": false,
              "pending": false,
              "context": null,
              "code": "cy.visit('http://localhost:8080/shop/');\n// Check the footer container is visible\ncy.get('.footer-area').should('be.visible');\n// Verify some important footer links\nconst footerLinks = ['Home', 'Contact us', 'French', 'Beach bags', 'Handbags', 'Laptop Bags', 'Bags'];\nfooterLinks.forEach(link => {\n  cy.get('.footer-area').contains(link).should('be.visible');\n});\n// Check social icons only if they exist\ncy.get('.footer-social').then($social => {\n  if ($social.find('a.facebook').length > 0) {\n    cy.wrap($social).find('a.facebook').should('have.attr', 'href', 'https://www.facebook.com/Shopizer/');\n  } else {\n    cy.log('Facebook link not present, skipping check');\n  }\n});",
              "err": {},
              "uuid": "2d56a387-ca6f-45ff-86f4-170e4b58e927",
              "parentUUID": "3c276dd8-9b7b-46e4-96e3-2e2adb74734b",
              "isHook": false,
              "skipped": false
            },
            {
              "title": "TC12 - Footer logo should be visible",
              "fullTitle": "Home Page Tests TC12 - Footer logo should be visible",
              "timedOut": null,
              "duration": 250,
              "state": "passed",
              "speed": "fast",
              "pass": true,
              "fail": false,
              "pending": false,
              "context": null,
              "code": "cy.visit('http://localhost:8080/shop/');\n// Check footer container\ncy.get('.footer-area').should('be.visible');\n// Verify the footer logo exists and has an image\ncy.get('.footer-logo img').should('be.visible').and($img => {\n  // Optional: check the src attribute is not empty\n  expect($img.attr('src')).to.not.be.empty;\n});",
              "err": {},
              "uuid": "7ff58b92-b6dc-48fc-b947-8a0bd8b40416",
              "parentUUID": "3c276dd8-9b7b-46e4-96e3-2e2adb74734b",
              "isHook": false,
              "skipped": false
            },
            {
              "title": "TC13 - Cart promotion code input should be visible and editable",
              "fullTitle": "Home Page Tests TC13 - Cart promotion code input should be visible and editable",
              "timedOut": null,
              "duration": 16,
              "state": "passed",
              "speed": "fast",
              "pass": true,
              "fail": false,
              "pending": false,
              "context": null,
              "code": "",
              "err": {},
              "uuid": "1f56061d-cdbc-49d7-a5ee-0bf20c84ce3d",
              "parentUUID": "3c276dd8-9b7b-46e4-96e3-2e2adb74734b",
              "isHook": false,
              "skipped": false
            }
          ],
          "suites": [],
          "passes": [
            "b62aac70-edd6-425d-b82e-d0c62fea0b7f",
            "4445b621-dbae-4c4b-92ab-08069c99af29",
            "4b13b04f-9252-48c0-9c15-32964cf08941",
            "fc6441b2-edd5-4803-a581-b2c656677933",
            "cbf0ec45-0f7b-42c9-a215-29844e03c9bd",
            "3311e06b-9a00-41ea-885b-db09fc7044b3",
            "4ba7e2f1-aab2-4655-8b95-cec97e47e41d",
            "424bb495-3dfc-49d4-8b53-b0e941fee447",
            "e3bfa4ac-52d2-40c3-8b0a-e2afa1b76259",
            "2d56a387-ca6f-45ff-86f4-170e4b58e927",
            "7ff58b92-b6dc-48fc-b947-8a0bd8b40416",
            "1f56061d-cdbc-49d7-a5ee-0bf20c84ce3d"
          ],
          "failures": [
            "aa54f620-f750-451e-a8be-83be2e8c9b0b"
          ],
          "pending": [],
          "skipped": [],
          "duration": 12243,
          "root": false,
          "rootEmpty": false,
          "_timeout": 2000
        }
      ],
      "passes": [],
      "failures": [],
      "pending": [],
      "skipped": [],
      "duration": 0,
      "root": true,
      "rootEmpty": true,
      "_timeout": 2000
    }
  ],
  "meta": {
    "mocha": {
      "version": "7.2.0"
    },
    "mochawesome": {
      "options": {
        "quiet": false,
        "reportFilename": "mochawesome",
        "saveHtml": true,
        "saveJson": true,
        "consoleReporter": "spec",
        "useInlineDiffs": false,
        "code": true
      },
      "version": "7.1.4"
    },
    "marge": {
      "options": {
        "reportDir": "cypress/reports",
        "overwrite": false,
        "html": true,
        "json": true,
        "charts": true,
        "reportTitle": "Shopizer Cypress Test Report",
        "embeddedScreenshots": true,
        "inlineAssets": true
      },
      "version": "6.3.0"
    }
  }
}