{
  "stats": {
    "suites": 1,
    "tests": 9,
    "passes": 9,
    "pending": 0,
    "failures": 0,
    "start": "2025-10-10T07:54:43.642Z",
    "end": "2025-10-10T07:54:53.549Z",
    "duration": 9907,
    "testsRegistered": 9,
    "passPercent": 100,
    "pendingPercent": 0,
    "other": 0,
    "hasOther": false,
    "skipped": 0,
    "hasSkipped": false
  },
  "results": [
    {
      "uuid": "1d2d7b43-e956-45e7-a1df-368cbcbeacf8",
      "title": "",
      "fullFile": "cypress\\e2e\\Admin_login_page.cy.js",
      "file": "cypress\\e2e\\Admin_login_page.cy.js",
      "beforeHooks": [],
      "afterHooks": [],
      "tests": [],
      "suites": [
        {
          "uuid": "20d0e606-991b-4abe-b1f3-6663701a1483",
          "title": "Admin Login Page Tests",
          "fullFile": "",
          "file": "",
          "beforeHooks": [],
          "afterHooks": [],
          "tests": [
            {
              "title": "TC01 - should load the Admin Login page",
              "fullTitle": "Admin Login Page Tests TC01 - should load the Admin Login page",
              "timedOut": null,
              "duration": 722,
              "state": "passed",
              "speed": "fast",
              "pass": true,
              "fail": false,
              "pending": false,
              "context": null,
              "code": "cy.get('#login-box').should('be.visible');\ncy.get('#username').should('be.visible');\ncy.get('#password').should('be.visible');\ncy.get('#formSubmitButton').should('be.visible');",
              "err": {},
              "uuid": "71325821-bf67-4ec8-b56a-15ee914fa0c8",
              "parentUUID": "20d0e606-991b-4abe-b1f3-6663701a1483",
              "isHook": false,
              "skipped": false
            },
            {
              "title": "TC02 - should show error with empty credentials",
              "fullTitle": "Admin Login Page Tests TC02 - should show error with empty credentials",
              "timedOut": null,
              "duration": 192,
              "state": "passed",
              "speed": "fast",
              "pass": true,
              "fail": false,
              "pending": false,
              "context": null,
              "code": "// Click Logon without entering username/password\ncy.get('#formSubmitButton').click();\n// Verify that the required field indicators (*) are visible\ncy.get('#username_help').should('be.visible').and('contain.text', '*');\ncy.get('#password_help').should('be.visible').and('contain.text', '*');",
              "err": {},
              "uuid": "da348246-4e6a-4ac3-8e57-da4c8ca82a8e",
              "parentUUID": "20d0e606-991b-4abe-b1f3-6663701a1483",
              "isHook": false,
              "skipped": false
            },
            {
              "title": "TC03 - should login successfully with valid credentials",
              "fullTitle": "Admin Login Page Tests TC03 - should login successfully with valid credentials",
              "timedOut": null,
              "duration": 2794,
              "state": "passed",
              "speed": "fast",
              "pass": true,
              "fail": false,
              "pending": false,
              "context": null,
              "code": "cy.visit('http://localhost:8080/admin/logon.html');\ncy.get('#username').clear().type('admin@shopizer.com');\ncy.get('#password').clear().type('password');\ncy.get('#formSubmitButton').click();\n// Verify URL includes admin home\ncy.url({\n  timeout: 10000\n}).should('include', '/admin/home.html');\n// Verify username dropdown is visible (login successful)\ncy.get('.nav.pull-right a.dropdown-toggle').should('contain.text', 'admin@shopizer.com');",
              "err": {},
              "uuid": "b5d81878-4233-4645-8157-71d212ff20a1",
              "parentUUID": "20d0e606-991b-4abe-b1f3-6663701a1483",
              "isHook": false,
              "skipped": false
            },
            {
              "title": "TC05 - should show error with invalid credentials",
              "fullTitle": "Admin Login Page Tests TC05 - should show error with invalid credentials",
              "timedOut": null,
              "duration": 1280,
              "state": "passed",
              "speed": "fast",
              "pass": true,
              "fail": false,
              "pending": false,
              "context": null,
              "code": "cy.get('#username').clear().type('wrong@admin.com');\ncy.get('#password').clear().type('wrongpassword');\ncy.get('#formSubmitButton').click();\n// Check if the error alert is visible and contains correct text\ncy.get('.alert-error').should('be.visible').and('contain.text', 'Invalid username or password');",
              "err": {},
              "uuid": "c84b7e49-d343-42fe-ae52-0df3b60abbee",
              "parentUUID": "20d0e606-991b-4abe-b1f3-6663701a1483",
              "isHook": false,
              "skipped": false
            },
            {
              "title": "TC06 - should mask the password input",
              "fullTitle": "Admin Login Page Tests TC06 - should mask the password input",
              "timedOut": null,
              "duration": 150,
              "state": "passed",
              "speed": "fast",
              "pass": true,
              "fail": false,
              "pending": false,
              "context": null,
              "code": "cy.visit('http://localhost:8080/admin/logon.html');\ncy.get('#password').should('have.attr', 'type', 'password');",
              "err": {},
              "uuid": "fa0880b5-f9e6-4f04-972e-b67d70db34ad",
              "parentUUID": "20d0e606-991b-4abe-b1f3-6663701a1483",
              "isHook": false,
              "skipped": false
            },
            {
              "title": "TC07 - should show error for special characters in credentials",
              "fullTitle": "Admin Login Page Tests TC07 - should show error for special characters in credentials",
              "timedOut": null,
              "duration": 958,
              "state": "passed",
              "speed": "fast",
              "pass": true,
              "fail": false,
              "pending": false,
              "context": null,
              "code": "cy.visit('http://localhost:8080/admin/logon.html');\ncy.get('#username').clear().type('admin@!#$%');\ncy.get('#password').clear().type('pass@!#$%');\ncy.get('#formSubmitButton').click();\ncy.get('.alert-error').should('be.visible').and('contain.text', 'Invalid username or password');",
              "err": {},
              "uuid": "6cc67979-5758-476b-876b-745fa61bcf4a",
              "parentUUID": "20d0e606-991b-4abe-b1f3-6663701a1483",
              "isHook": false,
              "skipped": false
            },
            {
              "title": "TC08 - should login using login button (Enter key not applicable)",
              "fullTitle": "Admin Login Page Tests TC08 - should login using login button (Enter key not applicable)",
              "timedOut": null,
              "duration": 1258,
              "state": "passed",
              "speed": "fast",
              "pass": true,
              "fail": false,
              "pending": false,
              "context": null,
              "code": "cy.visit('http://localhost:8080/admin/logon.html');\ncy.get('#username').type('admin@shopizer.com');\ncy.get('#password').type('password');\n// Click login button explicitly\ncy.get('#formSubmitButton').click();\ncy.url().should('include', '/admin/home.html');\ncy.get('.nav.pull-right a.dropdown-toggle').should('contain.text', 'admin@shopizer.com');",
              "err": {},
              "uuid": "508fb153-1bf3-46ed-b7cf-9f38cd141c7f",
              "parentUUID": "20d0e606-991b-4abe-b1f3-6663701a1483",
              "isHook": false,
              "skipped": false
            },
            {
              "title": "TC09 - should keep user logged in after page refresh",
              "fullTitle": "Admin Login Page Tests TC09 - should keep user logged in after page refresh",
              "timedOut": null,
              "duration": 1590,
              "state": "passed",
              "speed": "fast",
              "pass": true,
              "fail": false,
              "pending": false,
              "context": null,
              "code": "cy.visit('http://localhost:8080/admin/logon.html');\ncy.get('#username').type('admin@shopizer.com');\ncy.get('#password').type('password');\ncy.get('#formSubmitButton').click();\n// Verify login successful\ncy.url().should('include', '/admin/home.html');\n// Refresh the page\ncy.reload();\n// Verify still logged in\ncy.get('.nav.pull-right a.dropdown-toggle').should('contain.text', 'admin@shopizer.com');",
              "err": {},
              "uuid": "28b63d8c-dc50-4479-beff-a13ae4e00f3f",
              "parentUUID": "20d0e606-991b-4abe-b1f3-6663701a1483",
              "isHook": false,
              "skipped": false
            },
            {
              "title": "TC11 - should not allow login with blank password",
              "fullTitle": "Admin Login Page Tests TC11 - should not allow login with blank password",
              "timedOut": null,
              "duration": 599,
              "state": "passed",
              "speed": "fast",
              "pass": true,
              "fail": false,
              "pending": false,
              "context": null,
              "code": "cy.visit('http://localhost:8080/admin/logon.html');\n// Enter only username\ncy.get('#username').type('admin@shopizer.com');\n// Click login\ncy.get('#formSubmitButton').click();\n// Verify red * appears beside password field\ncy.get('#password_help').should('be.visible').and('contain.text', '*');",
              "err": {},
              "uuid": "a95fe34f-f549-4b7c-b295-a8804d159242",
              "parentUUID": "20d0e606-991b-4abe-b1f3-6663701a1483",
              "isHook": false,
              "skipped": false
            }
          ],
          "suites": [],
          "passes": [
            "71325821-bf67-4ec8-b56a-15ee914fa0c8",
            "da348246-4e6a-4ac3-8e57-da4c8ca82a8e",
            "b5d81878-4233-4645-8157-71d212ff20a1",
            "c84b7e49-d343-42fe-ae52-0df3b60abbee",
            "fa0880b5-f9e6-4f04-972e-b67d70db34ad",
            "6cc67979-5758-476b-876b-745fa61bcf4a",
            "508fb153-1bf3-46ed-b7cf-9f38cd141c7f",
            "28b63d8c-dc50-4479-beff-a13ae4e00f3f",
            "a95fe34f-f549-4b7c-b295-a8804d159242"
          ],
          "failures": [],
          "pending": [],
          "skipped": [],
          "duration": 9543,
          "root": false,
          "rootEmpty": false,
          "_timeout": 2000
        }
      ],
      "passes": [],
      "failures": [],
      "pending": [],
      "skipped": [],
      "duration": 0,
      "root": true,
      "rootEmpty": true,
      "_timeout": 2000
    }
  ],
  "meta": {
    "mocha": {
      "version": "7.2.0"
    },
    "mochawesome": {
      "options": {
        "quiet": false,
        "reportFilename": "mochawesome",
        "saveHtml": true,
        "saveJson": true,
        "consoleReporter": "spec",
        "useInlineDiffs": false,
        "code": true
      },
      "version": "7.1.4"
    },
    "marge": {
      "options": {
        "reportDir": "cypress/reports",
        "overwrite": false,
        "html": true,
        "json": true
      },
      "version": "6.3.0"
    }
  }
}