{
  "stats": {
    "suites": 1,
    "tests": 3,
    "passes": 1,
    "pending": 0,
    "failures": 2,
    "start": "2025-10-10T06:58:09.721Z",
    "end": "2025-10-10T06:59:37.050Z",
    "duration": 87329,
    "testsRegistered": 3,
    "passPercent": 33.33333333333333,
    "pendingPercent": 0,
    "other": 0,
    "hasOther": false,
    "skipped": 0,
    "hasSkipped": false
  },
  "results": [
    {
      "uuid": "b3019288-8c3f-415d-ac3a-c6d76aa6bdc8",
      "title": "",
      "fullFile": "cypress\\e2e\\checkout.cy.js",
      "file": "cypress\\e2e\\checkout.cy.js",
      "beforeHooks": [],
      "afterHooks": [],
      "tests": [],
      "suites": [
        {
          "uuid": "bb5f58cd-5ef1-47cc-9298-4e56b5498d90",
          "title": "Home Page Tests",
          "fullFile": "",
          "file": "",
          "beforeHooks": [],
          "afterHooks": [],
          "tests": [
            {
              "title": "TC14 - Proceed to Checkout navigates correctly",
              "fullTitle": "Home Page Tests TC14 - Proceed to Checkout navigates correctly",
              "timedOut": null,
              "duration": 4666,
              "state": "passed",
              "speed": "fast",
              "pass": true,
              "fail": false,
              "pending": false,
              "context": null,
              "code": "cy.visit('http://localhost:8080/shop/');\n// Remove cookie banner if present\ncy.get('div.cc-window').then($banner => {\n  if ($banner.length) cy.wrap($banner).invoke('remove');\n});\n// Add first featured product to cart\ncy.get('#featuredItemsContainer .product').first().find('.addToCart').click();\n// Wait for mini-cart to update\ncy.get('#miniCartSummary', {\n  timeout: 10000\n}).should($span => {\n  const count = parseInt($span.text()) || 0;\n  expect(count).to.be.greaterThan(0);\n});\n// Visit cart page\ncy.visit('http://localhost:8080/shop/cart/shoppingCart.html');\n// Remove cookie banner again\ncy.get('div.cc-window').then($banner => {\n  if ($banner.length) cy.wrap($banner).invoke('remove');\n});\n// Click Proceed to Checkout (link or button)\ncy.get('.wc-proceed-to-checkout a, .wc-proceed-to-checkout button', {\n  timeout: 10000\n}).should('be.visible').first().click();\n// Verify checkout URL\ncy.url().should('include', '/shop/order/checkout.html');",
              "err": {},
              "uuid": "0501c87a-75b3-4576-839f-c578bf1ca718",
              "parentUUID": "bb5f58cd-5ef1-47cc-9298-4e56b5498d90",
              "isHook": false,
              "skipped": false
            },
            {
              "title": "TC15 - Billing information form should accept valid inputs",
              "fullTitle": "Home Page Tests TC15 - Billing information form should accept valid inputs",
              "timedOut": null,
              "duration": 10320,
              "state": "failed",
              "speed": null,
              "pass": false,
              "fail": true,
              "pending": false,
              "context": null,
              "code": "cy.visit('http://localhost:8080/shop/');\n// Remove cookie banner\ncy.get('div.cc-window').then($banner => {\n  if ($banner.length) cy.wrap($banner).invoke('remove');\n});\n// Add first product to cart\ncy.get('#featuredItemsContainer .product').first().find('.addToCart').click();\n// Wait for mini-cart\ncy.get('#miniCartSummary', {\n  timeout: 10000\n}).should($span => {\n  const count = parseInt($span.text()) || 0;\n  expect(count).to.be.greaterThan(0);\n});\n// Visit cart page\ncy.visit('http://localhost:8080/shop/cart/shoppingCart.html');\n// Remove cookie banner again\ncy.get('div.cc-window').then($banner => {\n  if ($banner.length) cy.wrap($banner).invoke('remove');\n});\n// Proceed to checkout\ncy.get('.wc-proceed-to-checkout a, .wc-proceed-to-checkout button', {\n  timeout: 10000\n}).should('be.visible').first().click();\n// Fill billing info\ncy.get('#customer\\\\.firstName').clear().type('Arun');\ncy.get('#customer\\\\.lastName').clear().type('Kambrekar');\ncy.get('#customer\\\\.billing\\\\.address').clear().type('123 Test Street');\ncy.get('#customer\\\\.billing\\\\.city').clear().type('Quebec');\ncy.get('#customer\\\\.billing\\\\.country').select('Canada');\ncy.get('#billingStateList').select('QC');\ncy.get('#billingPostalCode').clear().type('H2H2H2');\ncy.get('#customer\\\\.emailAddress').clear().type('arun.test@example.com');\ncy.get('#customer\\\\.billing\\\\.phone').clear().type('8888888888');\n// Assert no error\ncy.get('#checkoutError').should('not.exist');",
              "err": {
                "message": "AssertionError: Timed out retrying after 4000ms: Expected <div#checkoutError> not to exist in the DOM, but it was continuously found.",
                "estack": "AssertionError: Timed out retrying after 4000ms: Expected <div#checkoutError> not to exist in the DOM, but it was continuously found.\n    at Context.eval (webpack://cypress_automation/./cypress/e2e/checkout.cy.js:92:27)",
                "diff": null
              },
              "uuid": "bd69e7a2-d0ea-439c-baeb-999658a611f3",
              "parentUUID": "bb5f58cd-5ef1-47cc-9298-4e56b5498d90",
              "isHook": false,
              "skipped": false
            },
            {
              "title": "TC16 - Shipping information form should accept valid inputs and submit order",
              "fullTitle": "Home Page Tests TC16 - Shipping information form should accept valid inputs and submit order",
              "timedOut": null,
              "duration": 72099,
              "state": "failed",
              "speed": null,
              "pass": false,
              "fail": true,
              "pending": false,
              "context": null,
              "code": "cy.visit('http://localhost:8080/shop/');\n// Remove cookie banner\ncy.get('div.cc-window').then($banner => {\n  if ($banner.length) cy.wrap($banner).invoke('remove');\n});\n// Add first product to cart\ncy.get('#featuredItemsContainer .product').first().find('.addToCart').click();\n// Wait for mini-cart\ncy.get('#miniCartSummary', {\n  timeout: 10000\n}).should($span => {\n  const count = parseInt($span.text()) || 0;\n  expect(count).to.be.greaterThan(0);\n});\n// Visit cart page\ncy.visit('http://localhost:8080/shop/cart/shoppingCart.html');\n// Remove cookie banner again\ncy.get('div.cc-window').then($banner => {\n  if ($banner.length) cy.wrap($banner).invoke('remove');\n});\n// Proceed to checkout\ncy.get('.wc-proceed-to-checkout a, .wc-proceed-to-checkout button', {\n  timeout: 10000\n}).should('be.visible').first().click();\n// Fill billing info\ncy.get('#customer\\\\.firstName').clear().type('Arun');\ncy.get('#customer\\\\.lastName').clear().type('Kambrekar');\ncy.get('#customer\\\\.billing\\\\.address').clear().type('123 Test Street');\ncy.get('#customer\\\\.billing\\\\.city').clear().type('Quebec');\ncy.get('#customer\\\\.billing\\\\.country').select('Canada');\ncy.get('#billingStateList').select('QC');\ncy.get('#billingPostalCode').clear().type('H2H2H2');\ncy.get('#customer\\\\.emailAddress').clear().type('arun.test@example.com');\ncy.get('#customer\\\\.billing\\\\.phone').clear().type('8888888888');\n// Ship to different address\ncy.get('#shipToDeliveryAddress').check({\n  force: true\n});\n// Fill shipping info\ncy.get('input[name=\"customer.delivery.firstName\"]').clear().type('Arun');\ncy.get('input[name=\"customer.delivery.lastName\"]').clear().type('Kambrekar');\ncy.get('#customer\\\\.delivery\\\\.address').clear().type('456 Delivery Street');\ncy.get('#customer\\\\.delivery\\\\.city').clear().type('Montreal');\ncy.get('#customer\\\\.delivery\\\\.country').select('Canada');\ncy.get('#deliveryStateList').select('QC');\ncy.get('#deliveryPostalCode').clear().type('H3H3H3');\n// Order notes\ncy.get('#comments').clear().type('Please deliver between 9 AM and 5 PM.');\n// Submit order\ncy.get('#submitOrder', {\n  timeout: 10000\n}).should('not.be.disabled').click();\n// Verify order confirmation page\ncy.url().should('include', '/shop/order/commitOrder.html');\ncy.contains('Order Confirmation', {\n  timeout: 10000\n}).should('be.visible');",
              "err": {
                "message": "AssertionError: Timed out retrying after 10000ms: Expected to find content: 'Order Confirmation' but never did.",
                "estack": "AssertionError: Timed out retrying after 10000ms: Expected to find content: 'Order Confirmation' but never did.\n    at Context.eval (webpack://cypress_automation/./cypress/e2e/checkout.cy.js:161:56)",
                "diff": null
              },
              "uuid": "82e24b44-abba-4dd5-8a3d-e41a93607f8b",
              "parentUUID": "bb5f58cd-5ef1-47cc-9298-4e56b5498d90",
              "isHook": false,
              "skipped": false
            }
          ],
          "suites": [],
          "passes": [
            "0501c87a-75b3-4576-839f-c578bf1ca718"
          ],
          "failures": [
            "bd69e7a2-d0ea-439c-baeb-999658a611f3",
            "82e24b44-abba-4dd5-8a3d-e41a93607f8b"
          ],
          "pending": [],
          "skipped": [],
          "duration": 87085,
          "root": false,
          "rootEmpty": false,
          "_timeout": 2000
        }
      ],
      "passes": [],
      "failures": [],
      "pending": [],
      "skipped": [],
      "duration": 0,
      "root": true,
      "rootEmpty": true,
      "_timeout": 2000
    }
  ],
  "meta": {
    "mocha": {
      "version": "7.2.0"
    },
    "mochawesome": {
      "options": {
        "quiet": false,
        "reportFilename": "mochawesome",
        "saveHtml": true,
        "saveJson": true,
        "consoleReporter": "spec",
        "useInlineDiffs": false,
        "code": true
      },
      "version": "7.1.4"
    },
    "marge": {
      "options": {
        "reportDir": "cypress/reports",
        "overwrite": false,
        "html": true,
        "json": true,
        "charts": true,
        "reportTitle": "Shopizer Cypress Test Report",
        "embeddedScreenshots": true,
        "inlineAssets": true
      },
      "version": "6.3.0"
    }
  }
}