{
  "stats": {
    "suites": 1,
    "tests": 11,
    "passes": 10,
    "pending": 0,
    "failures": 1,
    "start": "2025-10-10T07:05:45.753Z",
    "end": "2025-10-10T07:06:00.808Z",
    "duration": 15055,
    "testsRegistered": 11,
    "passPercent": 90.9090909090909,
    "pendingPercent": 0,
    "other": 0,
    "hasOther": false,
    "skipped": 0,
    "hasSkipped": false
  },
  "results": [
    {
      "uuid": "a1f735cd-8ff5-4cc0-9445-1ccc84b0b9c6",
      "title": "",
      "fullFile": "cypress\\e2e\\product_Details_page.cy.js",
      "file": "cypress\\e2e\\product_Details_page.cy.js",
      "beforeHooks": [],
      "afterHooks": [],
      "tests": [],
      "suites": [
        {
          "uuid": "21c1e446-e7fa-4b02-b6e1-9a02b4ed0cec",
          "title": "Product Details Page - Details Tab",
          "fullFile": "",
          "file": "",
          "beforeHooks": [],
          "afterHooks": [],
          "tests": [
            {
              "title": "TC01- should display product description and specifications",
              "fullTitle": "Product Details Page - Details Tab TC01- should display product description and specifications",
              "timedOut": null,
              "duration": 1645,
              "state": "passed",
              "speed": "fast",
              "pass": true,
              "fail": false,
              "pending": false,
              "context": null,
              "code": "// 1️⃣ Visit product details page (example URL)\ncy.visit('http://localhost:8080/shop/product/chic-vintage-deville.html');\n// 2️⃣ Verify product description\ncy.get('.product-info-tab-content p', {\n  timeout: 10000\n}).should('be.visible').and('contain.text', 'Chic vintage DeVille');\n// 3️⃣ Verify specifications: Weight, Height, Width, Length\ncy.get('dl.dl-horizontal').within(() => {\n  cy.get('dt').eq(0).should('contain.text', 'Weight');\n  cy.get('dd').eq(0).should('contain.text', '1');\n  cy.get('dt').eq(1).should('contain.text', 'Height');\n  cy.get('dd').eq(1).should('contain.text', '17');\n  cy.get('dt').eq(2).should('contain.text', 'Width');\n  cy.get('dd').eq(2).should('contain.text', '28');\n  cy.get('dt').eq(3).should('contain.text', 'Length');\n  cy.get('dd').eq(3).should('contain.text', '4');\n});",
              "err": {},
              "uuid": "8241c100-c524-44eb-bbde-731812ce2cc9",
              "parentUUID": "21c1e446-e7fa-4b02-b6e1-9a02b4ed0cec",
              "isHook": false,
              "skipped": false
            },
            {
              "title": "TC02-should display product details correctly",
              "fullTitle": "Product Details Page - Details Tab TC02-should display product details correctly",
              "timedOut": null,
              "duration": 273,
              "state": "passed",
              "speed": "fast",
              "pass": true,
              "fail": false,
              "pending": false,
              "context": null,
              "code": "// 1️⃣ Visit product details page\ncy.visit('http://localhost:8080/shop/product/chic-vintage-deville.html');\n// 2️⃣ Verify product name\ncy.get('h1').should('be.visible').and('contain.text', 'Chic vintage DeVille');\n// 3️⃣ Verify product price\ncy.get('#productPrice').should('be.visible').and('contain.text', 'USD60.00');\ncy.get('#productPrice del').should('contain.text', 'USD88.00');\n// 4️⃣ Verify availability\ncy.get('span[itemprop=\"availability\"]').should('be.visible').and('contain.text', '12');\n// 5️⃣ Verify product description\ncy.get('.product-info-tab-content p').should('be.visible').and('contain.text', 'Chic vintage DeVille');\n// 6️⃣ Optional: verify dimensions\ncy.get('dl dt').eq(0).should('contain.text', 'Weight');\ncy.get('dl dd').eq(0).should('contain.text', '1');",
              "err": {},
              "uuid": "8298658e-bfb5-4be0-a6fe-0ba4f67ca01e",
              "parentUUID": "21c1e446-e7fa-4b02-b6e1-9a02b4ed0cec",
              "isHook": false,
              "skipped": false
            },
            {
              "title": "TC03 - should add product to cart successfully",
              "fullTitle": "Product Details Page - Details Tab TC03 - should add product to cart successfully",
              "timedOut": null,
              "duration": 368,
              "state": "passed",
              "speed": "fast",
              "pass": true,
              "fail": false,
              "pending": false,
              "context": null,
              "code": "// Visit the product details page\ncy.visit('http://localhost:8080/shop/product/chic-vintage-deville.html');\n// 1️⃣ Ensure Add to Cart button is visible and click it\ncy.get('button.addToCartButton', {\n  timeout: 10000\n}).scrollIntoView().should('be.visible').click();\n// 2️⃣ Verify mini cart updated\ncy.get('#miniCartSummary', {\n  timeout: 10000\n}).should('be.visible').and('contain.text', '1');",
              "err": {},
              "uuid": "e0c06230-1926-4c1f-a926-aa24fbdfd681",
              "parentUUID": "21c1e446-e7fa-4b02-b6e1-9a02b4ed0cec",
              "isHook": false,
              "skipped": false
            },
            {
              "title": "TC04 - should display correct product description and details",
              "fullTitle": "Product Details Page - Details Tab TC04 - should display correct product description and details",
              "timedOut": null,
              "duration": 299,
              "state": "passed",
              "speed": "fast",
              "pass": true,
              "fail": false,
              "pending": false,
              "context": null,
              "code": "// Visit the product details page\ncy.visit('http://localhost:8080/shop/product/chic-vintage-deville.html');\n// 1️⃣ Verify product title\ncy.get('.product-simple-content h1', {\n  timeout: 10000\n}).should('be.visible').and('contain.text', 'Chic vintage DeVille');\n// 2️⃣ Verify product description\ncy.get('.product-info-tab-content p', {\n  timeout: 10000\n}).should('be.visible').and('contain.text', 'Chic vintage DeVille');\n// 3️⃣ Verify product specifications (Weight, Height, Width, Length)\ncy.get('.product-info-tab-content dl', {\n  timeout: 10000\n}).should('be.visible').within(() => {\n  cy.get('dt').eq(0).should('contain.text', 'Weight');\n  cy.get('dd').eq(0).should('contain.text', '1');\n  cy.get('dt').eq(1).should('contain.text', 'Height');\n  cy.get('dd').eq(1).should('contain.text', '17');\n  cy.get('dt').eq(2).should('contain.text', 'Width');\n  cy.get('dd').eq(2).should('contain.text', '28');\n  cy.get('dt').eq(3).should('contain.text', 'Length');\n  cy.get('dd').eq(3).should('contain.text', '4');\n});",
              "err": {},
              "uuid": "a55bda34-2923-4429-89d2-7fdf5c7abf0e",
              "parentUUID": "21c1e446-e7fa-4b02-b6e1-9a02b4ed0cec",
              "isHook": false,
              "skipped": false
            },
            {
              "title": "TC05 - should display correct product price and special price",
              "fullTitle": "Product Details Page - Details Tab TC05 - should display correct product price and special price",
              "timedOut": null,
              "duration": 216,
              "state": "passed",
              "speed": "fast",
              "pass": true,
              "fail": false,
              "pending": false,
              "context": null,
              "code": "// Visit the product details page\ncy.visit('http://localhost:8080/shop/product/chic-vintage-deville.html');\n// 1️⃣ Verify the original price (del)\ncy.get('.product-simple-content h4 del', {\n  timeout: 10000\n}).should('be.visible').and('contain.text', 'USD88.00');\n// 2️⃣ Verify the special price\ncy.get('.product-simple-content h4 .specialPrice', {\n  timeout: 10000\n}).should('be.visible').and('contain.text', 'USD60.00');\n// Optional: Verify itemprop price\ncy.get('.specialPrice [itemprop=\"price\"]').should('contain.text', '60.00');",
              "err": {},
              "uuid": "d218351b-2a9a-4d15-b544-cd51c367d90c",
              "parentUUID": "21c1e446-e7fa-4b02-b6e1-9a02b4ed0cec",
              "isHook": false,
              "skipped": false
            },
            {
              "title": "TC06 - should update mini cart count when product is added",
              "fullTitle": "Product Details Page - Details Tab TC06 - should update mini cart count when product is added",
              "timedOut": null,
              "duration": 307,
              "state": "passed",
              "speed": "fast",
              "pass": true,
              "fail": false,
              "pending": false,
              "context": null,
              "code": "// Visit the product details page\ncy.visit('http://localhost:8080/shop/product/chic-vintage-deville.html');\n// 1️⃣ Click Add to Cart button\ncy.get('.addToCartButton', {\n  timeout: 10000\n}).should('be.visible').click();\n// 2️⃣ Verify mini cart count is updated\ncy.get('#miniCartSummary', {\n  timeout: 10000\n}).should('be.visible').and($span => {\n  const text = $span.text().trim();\n  expect(text).to.match(/\\d+/); // Should contain a number\n  expect(parseInt(text)).to.be.greaterThan(0); // At least 1 item\n});",
              "err": {},
              "uuid": "295b5900-55bf-42b6-8baf-be252fe8d1b4",
              "parentUUID": "21c1e446-e7fa-4b02-b6e1-9a02b4ed0cec",
              "isHook": false,
              "skipped": false
            },
            {
              "title": "TC07 - should display product description correctly",
              "fullTitle": "Product Details Page - Details Tab TC07 - should display product description correctly",
              "timedOut": null,
              "duration": 262,
              "state": "passed",
              "speed": "fast",
              "pass": true,
              "fail": false,
              "pending": false,
              "context": null,
              "code": "// Visit the product details page\ncy.visit('http://localhost:8080/shop/product/chic-vintage-deville.html');\n// 1️⃣ Scroll to the first Product Description section\ncy.get('.product-info-detailed', {\n  timeout: 10000\n}).first() // only take the first element\n.scrollIntoView().should('be.visible');\n// 2️⃣ Verify Product Description text\ncy.get('.product-info-detailed .tab-pane.active .product-info-tab-content p', {\n  timeout: 10000\n}).should('be.visible').and('contain.text', 'Chic vintage DeVille');\n// 3️⃣ Verify product dimensions exist (Weight, Height, Width, Length)\ncy.get('.product-info-detailed .tab-pane.active dl', {\n  timeout: 10000\n}).within(() => {\n  cy.get('dt').should('contain.text', 'Weight');\n  cy.get('dt').should('contain.text', 'Height');\n  cy.get('dt').should('contain.text', 'Width');\n  cy.get('dt').should('contain.text', 'Length');\n});",
              "err": {},
              "uuid": "fcad075d-8b39-4d3d-a68b-cb949d74d5d7",
              "parentUUID": "21c1e446-e7fa-4b02-b6e1-9a02b4ed0cec",
              "isHook": false,
              "skipped": false
            },
            {
              "title": "TC08 - should display product price correctly",
              "fullTitle": "Product Details Page - Details Tab TC08 - should display product price correctly",
              "timedOut": null,
              "duration": 242,
              "state": "passed",
              "speed": "fast",
              "pass": true,
              "fail": false,
              "pending": false,
              "context": null,
              "code": "// Visit the product details page\ncy.visit('http://localhost:8080/shop/product/chic-vintage-deville.html');\n// 1️⃣ Scroll to the price section\ncy.get('#productPrice', {\n  timeout: 10000\n}).scrollIntoView().should('be.visible');\n// 2️⃣ Verify regular price (del tag)\ncy.get('#productPrice del').should('be.visible').and('contain.text', 'USD88.00');\n// 3️⃣ Verify special price (span.specialPrice)\ncy.get('#productPrice .specialPrice').should('be.visible').and('contain.text', 'USD60.00');",
              "err": {},
              "uuid": "1a30a13b-df19-425d-834a-85ce7e4673f0",
              "parentUUID": "21c1e446-e7fa-4b02-b6e1-9a02b4ed0cec",
              "isHook": false,
              "skipped": false
            },
            {
              "title": "TC09 - should display product availability correctly",
              "fullTitle": "Product Details Page - Details Tab TC09 - should display product availability correctly",
              "timedOut": null,
              "duration": 226,
              "state": "passed",
              "speed": "fast",
              "pass": true,
              "fail": false,
              "pending": false,
              "context": null,
              "code": "// Visit the product details page\ncy.visit('http://localhost:8080/shop/product/chic-vintage-deville.html');\n// 1️⃣ Scroll to the availability section\ncy.get('.checkbox', {\n  timeout: 10000\n}).first().scrollIntoView().should('be.visible');\n// 2️⃣ Verify \"Available\" text is present\ncy.get('.checkbox').first().should('contain.text', 'Available');\n// 3️⃣ Verify stock quantity exists\ncy.get('.checkbox span[itemprop=\"availability\"]').should('exist').and('contain.text', '12');",
              "err": {},
              "uuid": "dd2710a0-fc5e-4873-9bb8-35c0b2c92af1",
              "parentUUID": "21c1e446-e7fa-4b02-b6e1-9a02b4ed0cec",
              "isHook": false,
              "skipped": false
            },
            {
              "title": "TC10 - should display product price correctly",
              "fullTitle": "Product Details Page - Details Tab TC10 - should display product price correctly",
              "timedOut": null,
              "duration": 234,
              "state": "passed",
              "speed": "fast",
              "pass": true,
              "fail": false,
              "pending": false,
              "context": null,
              "code": "// Visit the product details page\ncy.visit('http://localhost:8080/shop/product/chic-vintage-deville.html');\n// 1️⃣ Scroll to the price section\ncy.get('#productPrice', {\n  timeout: 10000\n}).scrollIntoView().should('be.visible');\n// 2️⃣ Verify original price is shown (strikethrough)\ncy.get('#productPrice del').should('contain.text', 'USD88.00');\n// 3️⃣ Verify discounted price is shown correctly\ncy.get('#productPrice .specialPrice span[itemprop=\"price\"]').should('contain.text', 'USD60.00');",
              "err": {},
              "uuid": "2940a016-c695-4177-bfd6-b498843039b7",
              "parentUUID": "21c1e446-e7fa-4b02-b6e1-9a02b4ed0cec",
              "isHook": false,
              "skipped": false
            },
            {
              "title": "TC11 - should add product to wishlist successfully",
              "fullTitle": "Product Details Page - Details Tab TC11 - should add product to wishlist successfully",
              "timedOut": null,
              "duration": 10454,
              "state": "failed",
              "speed": null,
              "pass": false,
              "fail": true,
              "pending": false,
              "context": null,
              "code": "// Visit the product details page\ncy.visit('http://localhost:8080/shop/product/chic-vintage-deville.html');\n// 1️⃣ Click on \"Add to Wishlist\" button\ncy.get('.addToWishlistButton', {\n  timeout: 10000\n}).should('be.visible').click();\n// 2️⃣ Verify success message or wishlist count update\ncy.get('.wishlist-notification', {\n  timeout: 10000\n}).should('be.visible').and('contain.text', 'Product added to your wishlist');",
              "err": {
                "message": "AssertionError: Timed out retrying after 10000ms: Expected to find element: `.addToWishlistButton`, but never found it.",
                "estack": "AssertionError: Timed out retrying after 10000ms: Expected to find element: `.addToWishlistButton`, but never found it.\n    at Context.eval (webpack://cypress_automation/./cypress/e2e/product_Details_page.cy.js:227:5)",
                "diff": null
              },
              "uuid": "2f1e17ba-d580-4354-91cf-ec5d3578083e",
              "parentUUID": "21c1e446-e7fa-4b02-b6e1-9a02b4ed0cec",
              "isHook": false,
              "skipped": false
            }
          ],
          "suites": [],
          "passes": [
            "8241c100-c524-44eb-bbde-731812ce2cc9",
            "8298658e-bfb5-4be0-a6fe-0ba4f67ca01e",
            "e0c06230-1926-4c1f-a926-aa24fbdfd681",
            "a55bda34-2923-4429-89d2-7fdf5c7abf0e",
            "d218351b-2a9a-4d15-b544-cd51c367d90c",
            "295b5900-55bf-42b6-8baf-be252fe8d1b4",
            "fcad075d-8b39-4d3d-a68b-cb949d74d5d7",
            "1a30a13b-df19-425d-834a-85ce7e4673f0",
            "dd2710a0-fc5e-4873-9bb8-35c0b2c92af1",
            "2940a016-c695-4177-bfd6-b498843039b7"
          ],
          "failures": [
            "2f1e17ba-d580-4354-91cf-ec5d3578083e"
          ],
          "pending": [],
          "skipped": [],
          "duration": 14526,
          "root": false,
          "rootEmpty": false,
          "_timeout": 2000
        }
      ],
      "passes": [],
      "failures": [],
      "pending": [],
      "skipped": [],
      "duration": 0,
      "root": true,
      "rootEmpty": true,
      "_timeout": 2000
    }
  ],
  "meta": {
    "mocha": {
      "version": "7.2.0"
    },
    "mochawesome": {
      "options": {
        "quiet": false,
        "reportFilename": "mochawesome",
        "saveHtml": true,
        "saveJson": true,
        "consoleReporter": "spec",
        "useInlineDiffs": false,
        "code": true
      },
      "version": "7.1.4"
    },
    "marge": {
      "options": {
        "reportDir": "cypress/reports",
        "overwrite": false,
        "html": true,
        "json": true
      },
      "version": "6.3.0"
    }
  }
}