{
  "stats": {
    "suites": 1,
    "tests": 13,
    "passes": 12,
    "pending": 0,
    "failures": 1,
    "start": "2025-10-10T07:00:14.959Z",
    "end": "2025-10-10T07:00:26.896Z",
    "duration": 11937,
    "testsRegistered": 13,
    "passPercent": 92.3076923076923,
    "pendingPercent": 0,
    "other": 0,
    "hasOther": false,
    "skipped": 0,
    "hasSkipped": false
  },
  "results": [
    {
      "uuid": "e38dc7a0-9aa0-4e9d-9642-58b6ca278daf",
      "title": "",
      "fullFile": "cypress\\e2e\\shopizer_HomePage.cy.js",
      "file": "cypress\\e2e\\shopizer_HomePage.cy.js",
      "beforeHooks": [],
      "afterHooks": [],
      "tests": [],
      "suites": [
        {
          "uuid": "eacbc1bf-6ab7-4597-b146-f6e737e9b558",
          "title": "Home Page Tests",
          "fullFile": "",
          "file": "",
          "beforeHooks": [],
          "afterHooks": [],
          "tests": [
            {
              "title": "TC01 - Verify Home Page Loads Successfully",
              "fullTitle": "Home Page Tests TC01 - Verify Home Page Loads Successfully",
              "timedOut": null,
              "duration": 1495,
              "state": "passed",
              "speed": "fast",
              "pass": true,
              "fail": false,
              "pending": false,
              "context": null,
              "code": "// Step 1: Visit Home Page\ncy.visit('http://localhost:8080/shop/');\n// Step 2: Assert Page Title\ncy.title().should('include', 'Vintage');\n// Step 3: Verify Banner is Visible\ncy.get('.logoImage').should('be.visible');\n// Step 4: Verify Featured Items Section Exists\ncy.contains('Featured').should('be.visible');",
              "err": {},
              "uuid": "347fd734-007f-4b30-adb4-491057886586",
              "parentUUID": "eacbc1bf-6ab7-4597-b146-f6e737e9b558",
              "isHook": false,
              "skipped": false
            },
            {
              "title": "TC02 - Verify Navigation Menu Items are visible",
              "fullTitle": "Home Page Tests TC02 - Verify Navigation Menu Items are visible",
              "timedOut": null,
              "duration": 433,
              "state": "passed",
              "speed": "fast",
              "pass": true,
              "fail": false,
              "pending": false,
              "context": null,
              "code": "cy.visit('http://localhost:8080');\n// Example menu items - adjust selectors/text as per your app\ncy.get('nav').should('be.visible');\ncy.contains('Shop').should('be.visible');\ncy.contains('Contact').should('be.visible');",
              "err": {},
              "uuid": "8fa5935f-378f-4690-a141-2bb8a01e3a1a",
              "parentUUID": "eacbc1bf-6ab7-4597-b146-f6e737e9b558",
              "isHook": false,
              "skipped": false
            },
            {
              "title": "TC03 - Verify Search Bar is visible on Homepage",
              "fullTitle": "Home Page Tests TC03 - Verify Search Bar is visible on Homepage",
              "timedOut": null,
              "duration": 291,
              "state": "passed",
              "speed": "fast",
              "pass": true,
              "fail": false,
              "pending": false,
              "context": null,
              "code": "cy.visit('http://localhost:8080'); // replace with your Shopizer URL\ncy.get('input[type=\"text\"][name=\"q\"]') // adjust selector if needed\n.should('be.visible').and('have.attr', 'placeholder', 'Search'); // optional check for placeholder text",
              "err": {},
              "uuid": "af5970af-68d8-4ea7-96d3-8bde98deca9e",
              "parentUUID": "eacbc1bf-6ab7-4597-b146-f6e737e9b558",
              "isHook": false,
              "skipped": false
            },
            {
              "title": "TC04 - Search with valid keyword shows results",
              "fullTitle": "Home Page Tests TC04 - Search with valid keyword shows results",
              "timedOut": null,
              "duration": 5164,
              "state": "failed",
              "speed": null,
              "pass": false,
              "fail": true,
              "pending": false,
              "context": null,
              "code": "cy.visit('http://localhost:8080/shop/');\ncy.get('#searchField').should('be.visible').clear().type('vintage{enter}');\n// Expect product list to have items\ncy.get('.list-group-item').should('have.length.greaterThan', 0); // fails if 0",
              "err": {
                "message": "AssertionError: Timed out retrying after 4000ms: Expected to find element: `.list-group-item`, but never found it.",
                "estack": "AssertionError: Timed out retrying after 4000ms: Expected to find element: `.list-group-item`, but never found it.\n    at Context.eval (webpack://cypress_automation/./cypress/e2e/shopizer_HomePage.cy.js:50:5)",
                "diff": null
              },
              "uuid": "df50cde5-6882-41ae-bd6c-e133492e2553",
              "parentUUID": "eacbc1bf-6ab7-4597-b146-f6e737e9b558",
              "isHook": false,
              "skipped": false
            },
            {
              "title": "TC05 - Search with invalid keyword shows no results",
              "fullTitle": "Home Page Tests TC05 - Search with invalid keyword shows no results",
              "timedOut": null,
              "duration": 860,
              "state": "passed",
              "speed": "fast",
              "pass": true,
              "fail": false,
              "pending": false,
              "context": null,
              "code": "cy.visit('http://localhost:8080/shop/');\n// Ensure search bar is visible\ncy.get('#searchField').should('be.visible');\n// Type invalid keyword and press Enter\ncy.get('#searchField').clear().type('qwertyxyz{enter}');\n// Wait for page load\ncy.url().should('include', '/search/search.html');\n// Verify \"0 item(s) found\" or \"No results\" message is visible\ncy.contains(/0 item\\(s\\) found|No results/i).should('be.visible');\n// Ensure no product items are listed\ncy.get('.list-group-item').should('have.length', 0);",
              "err": {},
              "uuid": "aa6f581a-6c08-4d7a-8efe-4e8b7eacd93f",
              "parentUUID": "eacbc1bf-6ab7-4597-b146-f6e737e9b558",
              "isHook": false,
              "skipped": false
            },
            {
              "title": "TC06 - Featured products should display with name, price, and Add to Cart button",
              "fullTitle": "Home Page Tests TC06 - Featured products should display with name, price, and Add to Cart button",
              "timedOut": null,
              "duration": 526,
              "state": "passed",
              "speed": "fast",
              "pass": true,
              "fail": false,
              "pending": false,
              "context": null,
              "code": "cy.visit('http://localhost:8080/shop/');\n// Verify the Featured Items section exists\ncy.get('#featuredItemsContainer').should('be.visible');\n// Verify at least 1 product is displayed\ncy.get('#featuredItemsContainer .product').should('have.length.greaterThan', 0).each($el => {\n  // Product name should be visible\n  cy.wrap($el).find('.listing-product-name h3').should('be.visible');\n  // Product price should be visible\n  cy.wrap($el).find('[itemprop=\"price\"]').should('be.visible');\n  // Add to Cart button should be visible\n  cy.wrap($el).find('.addToCart').should('be.visible');\n});",
              "err": {},
              "uuid": "66cddf8e-3281-4514-8b25-f6fe57224c88",
              "parentUUID": "eacbc1bf-6ab7-4597-b146-f6e737e9b558",
              "isHook": false,
              "skipped": false
            },
            {
              "title": "TC07 - Discounted products should show old price and special (discounted) price",
              "fullTitle": "Home Page Tests TC07 - Discounted products should show old price and special (discounted) price",
              "timedOut": null,
              "duration": 293,
              "state": "passed",
              "speed": "fast",
              "pass": true,
              "fail": false,
              "pending": false,
              "context": null,
              "code": "cy.visit('http://localhost:8080/shop/');\n// Find products that have discounted prices\ncy.get('#featuredItemsContainer .product').each($el => {\n  if ($el.find('del').length > 0) {\n    // Old price should be visible\n    cy.wrap($el).find('del').should('be.visible');\n    // New special price should be visible\n    cy.wrap($el).find('.specialPrice').should('be.visible');\n  }\n});",
              "err": {},
              "uuid": "f819c626-500d-42ca-99b5-4fc2547040a7",
              "parentUUID": "eacbc1bf-6ab7-4597-b146-f6e737e9b558",
              "isHook": false,
              "skipped": false
            },
            {
              "title": "TC08 - Add to Cart increases cart count",
              "fullTitle": "Home Page Tests TC08 - Add to Cart increases cart count",
              "timedOut": null,
              "duration": 325,
              "state": "passed",
              "speed": "fast",
              "pass": true,
              "fail": false,
              "pending": false,
              "context": null,
              "code": "cy.visit('http://localhost:8080/shop/');\n// Get initial cart count\ncy.get('#miniCartSummary').invoke('text').then(initialCount => {\n  const initial = parseInt(initialCount.trim()) || 0;\n  // Click first Add to Cart button\n  cy.get('#featuredItemsContainer .product').first().find('.addToCart').click();\n  // Verify cart count increased by 1\n  cy.get('#miniCartSummary').invoke('text').should(newCount => {\n    const updated = parseInt(newCount.trim()) || 0;\n    expect(updated).to.eq(initial + 1);\n  });\n});",
              "err": {},
              "uuid": "c8b946ee-6009-45cc-a3bd-cde322c22e62",
              "parentUUID": "eacbc1bf-6ab7-4597-b146-f6e737e9b558",
              "isHook": false,
              "skipped": false
            },
            {
              "title": "TC09 - Cart dropdown displays product details correctly",
              "fullTitle": "Home Page Tests TC09 - Cart dropdown displays product details correctly",
              "timedOut": null,
              "duration": 449,
              "state": "passed",
              "speed": "fast",
              "pass": true,
              "fail": false,
              "pending": false,
              "context": null,
              "code": "cy.visit('http://localhost:8080/shop/');\n// Add first featured product to cart\ncy.get('#featuredItemsContainer .product').first().find('.addToCart').click();\n// Handle cookie consent if visible\ncy.get('div.cc-window').then($banner => {\n  if ($banner.is(':visible')) {\n    cy.log('Closing cookie consent banner');\n    cy.get('div.cc-window').invoke('remove');\n  }\n});\n// Open cart dropdown\ncy.get('.dropdown-toggle').contains('Shopping cart').click({\n  force: true\n});\n// Verify product name, price, and quantity inside dropdown\ncy.get('#miniCartDetails').within(() => {\n  cy.get('.product-name').should('be.visible');\n  cy.get('.price').should('contain', 'USD');\n  cy.get('strong').first().should('contain', '1'); // quantity\n});",
              "err": {},
              "uuid": "5b8da2d7-473e-45d6-aafb-89c695ce5f6d",
              "parentUUID": "eacbc1bf-6ab7-4597-b146-f6e737e9b558",
              "isHook": false,
              "skipped": false
            },
            {
              "title": "TC10 - Remove item from cart updates cart correctly",
              "fullTitle": "Home Page Tests TC10 - Remove item from cart updates cart correctly",
              "timedOut": null,
              "duration": 893,
              "state": "passed",
              "speed": "fast",
              "pass": true,
              "fail": false,
              "pending": false,
              "context": null,
              "code": "// Prevent Cypress from failing on uncaught JS errors from Shopizer\nCypress.on('uncaught:exception', (err, runnable) => {\n  return false;\n});\ncy.visit('http://localhost:8080/shop/');\n// Close cookie banner if visible\ncy.get('div.cc-window').then($banner => {\n  if ($banner.is(':visible')) cy.get('div.cc-window').invoke('remove');\n});\n// Add first featured product to cart\ncy.get('#featuredItemsContainer .product').first().find('.addToCart').click();\n// Wait until mini cart updates (AJAX may take time)\ncy.get('#miniCartSummary', {\n  timeout: 10000\n}).should($span => {\n  const count = parseInt($span.text()) || 0;\n  expect(count).to.be.greaterThan(0);\n});\n// Visit cart page\ncy.visit('http://localhost:8080/shop/cart/shoppingCart.html');\n// Wait until cart table loads\ncy.get('#mainCartTable tbody tr', {\n  timeout: 10000\n}).should('have.length.greaterThan', 0);\n// Capture initial cart row count\ncy.get('#mainCartTable tbody tr').then($rows => {\n  const initialCount = $rows.length;\n  // Click remove on first item\n  cy.get('.removeProductIcon').first().click({\n    force: true\n  });\n  // Verify cart row decreased by 1\n  cy.get('#mainCartTable tbody tr').should('have.length', initialCount - 1);\n  // Verify mini cart summary updated\n  cy.get('#miniCartSummary').invoke('text').then(text => {\n    const count = parseInt(text) || 0;\n    expect(count).to.eq(Math.max(initialCount - 1, 0));\n  });\n});",
              "err": {},
              "uuid": "6531637d-d25f-48c5-969f-6f8223e0b674",
              "parentUUID": "eacbc1bf-6ab7-4597-b146-f6e737e9b558",
              "isHook": false,
              "skipped": false
            },
            {
              "title": "TC11 - Footer links should be visible",
              "fullTitle": "Home Page Tests TC11 - Footer links should be visible",
              "timedOut": null,
              "duration": 255,
              "state": "passed",
              "speed": "fast",
              "pass": true,
              "fail": false,
              "pending": false,
              "context": null,
              "code": "cy.visit('http://localhost:8080/shop/');\n// Check the footer container is visible\ncy.get('.footer-area').should('be.visible');\n// Verify some important footer links\nconst footerLinks = ['Home', 'Contact us', 'French', 'Beach bags', 'Handbags', 'Laptop Bags', 'Bags'];\nfooterLinks.forEach(link => {\n  cy.get('.footer-area').contains(link).should('be.visible');\n});\n// Check social icons only if they exist\ncy.get('.footer-social').then($social => {\n  if ($social.find('a.facebook').length > 0) {\n    cy.wrap($social).find('a.facebook').should('have.attr', 'href', 'https://www.facebook.com/Shopizer/');\n  } else {\n    cy.log('Facebook link not present, skipping check');\n  }\n});",
              "err": {},
              "uuid": "1f97ab69-825d-4841-9214-e7fe738b2455",
              "parentUUID": "eacbc1bf-6ab7-4597-b146-f6e737e9b558",
              "isHook": false,
              "skipped": false
            },
            {
              "title": "TC12 - Footer logo should be visible",
              "fullTitle": "Home Page Tests TC12 - Footer logo should be visible",
              "timedOut": null,
              "duration": 328,
              "state": "passed",
              "speed": "fast",
              "pass": true,
              "fail": false,
              "pending": false,
              "context": null,
              "code": "cy.visit('http://localhost:8080/shop/');\n// Check footer container\ncy.get('.footer-area').should('be.visible');\n// Verify the footer logo exists and has an image\ncy.get('.footer-logo img').should('be.visible').and($img => {\n  // Optional: check the src attribute is not empty\n  expect($img.attr('src')).to.not.be.empty;\n});",
              "err": {},
              "uuid": "6f0b0aa6-c990-462a-b349-afa932abf9f8",
              "parentUUID": "eacbc1bf-6ab7-4597-b146-f6e737e9b558",
              "isHook": false,
              "skipped": false
            },
            {
              "title": "TC13 - Cart promotion code input should be visible and editable",
              "fullTitle": "Home Page Tests TC13 - Cart promotion code input should be visible and editable",
              "timedOut": null,
              "duration": 16,
              "state": "passed",
              "speed": "fast",
              "pass": true,
              "fail": false,
              "pending": false,
              "context": null,
              "code": "",
              "err": {},
              "uuid": "1f120749-c909-42a7-b5c8-e09ff9c93486",
              "parentUUID": "eacbc1bf-6ab7-4597-b146-f6e737e9b558",
              "isHook": false,
              "skipped": false
            }
          ],
          "suites": [],
          "passes": [
            "347fd734-007f-4b30-adb4-491057886586",
            "8fa5935f-378f-4690-a141-2bb8a01e3a1a",
            "af5970af-68d8-4ea7-96d3-8bde98deca9e",
            "aa6f581a-6c08-4d7a-8efe-4e8b7eacd93f",
            "66cddf8e-3281-4514-8b25-f6fe57224c88",
            "f819c626-500d-42ca-99b5-4fc2547040a7",
            "c8b946ee-6009-45cc-a3bd-cde322c22e62",
            "5b8da2d7-473e-45d6-aafb-89c695ce5f6d",
            "6531637d-d25f-48c5-969f-6f8223e0b674",
            "1f97ab69-825d-4841-9214-e7fe738b2455",
            "6f0b0aa6-c990-462a-b349-afa932abf9f8",
            "1f120749-c909-42a7-b5c8-e09ff9c93486"
          ],
          "failures": [
            "df50cde5-6882-41ae-bd6c-e133492e2553"
          ],
          "pending": [],
          "skipped": [],
          "duration": 11328,
          "root": false,
          "rootEmpty": false,
          "_timeout": 2000
        }
      ],
      "passes": [],
      "failures": [],
      "pending": [],
      "skipped": [],
      "duration": 0,
      "root": true,
      "rootEmpty": true,
      "_timeout": 2000
    }
  ],
  "meta": {
    "mocha": {
      "version": "7.2.0"
    },
    "mochawesome": {
      "options": {
        "quiet": false,
        "reportFilename": "mochawesome",
        "saveHtml": true,
        "saveJson": true,
        "consoleReporter": "spec",
        "useInlineDiffs": false,
        "code": true
      },
      "version": "7.1.4"
    },
    "marge": {
      "options": {
        "reportDir": "cypress/reports",
        "overwrite": false,
        "html": true,
        "json": true,
        "charts": true,
        "reportTitle": "Shopizer Cypress Test Report",
        "embeddedScreenshots": true,
        "inlineAssets": true
      },
      "version": "6.3.0"
    }
  }
}