{
  "stats": {
    "suites": 1,
    "tests": 9,
    "passes": 9,
    "pending": 0,
    "failures": 0,
    "start": "2025-10-10T06:50:23.224Z",
    "end": "2025-10-10T06:50:42.708Z",
    "duration": 19484,
    "testsRegistered": 9,
    "passPercent": 100,
    "pendingPercent": 0,
    "other": 0,
    "hasOther": false,
    "skipped": 0,
    "hasSkipped": false
  },
  "results": [
    {
      "uuid": "2f119f46-c44b-40a3-b033-7bb880705d34",
      "title": "",
      "fullFile": "cypress\\e2e\\Admin_login_page.cy.js",
      "file": "cypress\\e2e\\Admin_login_page.cy.js",
      "beforeHooks": [],
      "afterHooks": [],
      "tests": [],
      "suites": [
        {
          "uuid": "e803a034-95c2-4b1f-8f0d-bc683bc3804f",
          "title": "Admin Login Page Tests",
          "fullFile": "",
          "file": "",
          "beforeHooks": [],
          "afterHooks": [],
          "tests": [
            {
              "title": "TC01 - should load the Admin Login page",
              "fullTitle": "Admin Login Page Tests TC01 - should load the Admin Login page",
              "timedOut": null,
              "duration": 2898,
              "state": "passed",
              "speed": "fast",
              "pass": true,
              "fail": false,
              "pending": false,
              "context": null,
              "code": "cy.get('#login-box').should('be.visible');\ncy.get('#username').should('be.visible');\ncy.get('#password').should('be.visible');\ncy.get('#formSubmitButton').should('be.visible');",
              "err": {},
              "uuid": "ae5831f2-20f0-498c-abfd-351e1e220049",
              "parentUUID": "e803a034-95c2-4b1f-8f0d-bc683bc3804f",
              "isHook": false,
              "skipped": false
            },
            {
              "title": "TC02 - should show error with empty credentials",
              "fullTitle": "Admin Login Page Tests TC02 - should show error with empty credentials",
              "timedOut": null,
              "duration": 348,
              "state": "passed",
              "speed": "fast",
              "pass": true,
              "fail": false,
              "pending": false,
              "context": null,
              "code": "// Click Logon without entering username/password\ncy.get('#formSubmitButton').click();\n// Verify that the required field indicators (*) are visible\ncy.get('#username_help').should('be.visible').and('contain.text', '*');\ncy.get('#password_help').should('be.visible').and('contain.text', '*');",
              "err": {},
              "uuid": "9409b004-78f9-42d4-a7b1-c72502e0d210",
              "parentUUID": "e803a034-95c2-4b1f-8f0d-bc683bc3804f",
              "isHook": false,
              "skipped": false
            },
            {
              "title": "TC03 - should login successfully with valid credentials",
              "fullTitle": "Admin Login Page Tests TC03 - should login successfully with valid credentials",
              "timedOut": null,
              "duration": 3601,
              "state": "passed",
              "speed": "fast",
              "pass": true,
              "fail": false,
              "pending": false,
              "context": null,
              "code": "cy.visit('http://localhost:8080/admin/logon.html');\ncy.get('#username').clear().type('admin@shopizer.com');\ncy.get('#password').clear().type('password');\ncy.get('#formSubmitButton').click();\n// Verify URL includes admin home\ncy.url({\n  timeout: 10000\n}).should('include', '/admin/home.html');\n// Verify username dropdown is visible (login successful)\ncy.get('.nav.pull-right a.dropdown-toggle').should('contain.text', 'admin@shopizer.com');",
              "err": {},
              "uuid": "9a22aeb1-21cb-4df1-b97c-56e599f3ef2c",
              "parentUUID": "e803a034-95c2-4b1f-8f0d-bc683bc3804f",
              "isHook": false,
              "skipped": false
            },
            {
              "title": "TC05 - should show error with invalid credentials",
              "fullTitle": "Admin Login Page Tests TC05 - should show error with invalid credentials",
              "timedOut": null,
              "duration": 1807,
              "state": "passed",
              "speed": "fast",
              "pass": true,
              "fail": false,
              "pending": false,
              "context": null,
              "code": "cy.get('#username').clear().type('wrong@admin.com');\ncy.get('#password').clear().type('wrongpassword');\ncy.get('#formSubmitButton').click();\n// Check if the error alert is visible and contains correct text\ncy.get('.alert-error').should('be.visible').and('contain.text', 'Invalid username or password');",
              "err": {},
              "uuid": "01f802f5-7f12-4114-9767-3a5620740954",
              "parentUUID": "e803a034-95c2-4b1f-8f0d-bc683bc3804f",
              "isHook": false,
              "skipped": false
            },
            {
              "title": "TC06 - should mask the password input",
              "fullTitle": "Admin Login Page Tests TC06 - should mask the password input",
              "timedOut": null,
              "duration": 302,
              "state": "passed",
              "speed": "fast",
              "pass": true,
              "fail": false,
              "pending": false,
              "context": null,
              "code": "cy.visit('http://localhost:8080/admin/logon.html');\ncy.get('#password').should('have.attr', 'type', 'password');",
              "err": {},
              "uuid": "51d178f6-56ef-4888-8e5f-1f25dee76ee1",
              "parentUUID": "e803a034-95c2-4b1f-8f0d-bc683bc3804f",
              "isHook": false,
              "skipped": false
            },
            {
              "title": "TC07 - should show error for special characters in credentials",
              "fullTitle": "Admin Login Page Tests TC07 - should show error for special characters in credentials",
              "timedOut": null,
              "duration": 1654,
              "state": "passed",
              "speed": "fast",
              "pass": true,
              "fail": false,
              "pending": false,
              "context": null,
              "code": "cy.visit('http://localhost:8080/admin/logon.html');\ncy.get('#username').clear().type('admin@!#$%');\ncy.get('#password').clear().type('pass@!#$%');\ncy.get('#formSubmitButton').click();\ncy.get('.alert-error').should('be.visible').and('contain.text', 'Invalid username or password');",
              "err": {},
              "uuid": "c2c7fc6d-dd6e-4dcc-892e-23a834441cea",
              "parentUUID": "e803a034-95c2-4b1f-8f0d-bc683bc3804f",
              "isHook": false,
              "skipped": false
            },
            {
              "title": "TC08 - should login using login button (Enter key not applicable)",
              "fullTitle": "Admin Login Page Tests TC08 - should login using login button (Enter key not applicable)",
              "timedOut": null,
              "duration": 5321,
              "state": "passed",
              "speed": "medium",
              "pass": true,
              "fail": false,
              "pending": false,
              "context": null,
              "code": "cy.visit('http://localhost:8080/admin/logon.html');\ncy.get('#username').type('admin@shopizer.com');\ncy.get('#password').type('password');\n// Click login button explicitly\ncy.get('#formSubmitButton').click();\ncy.url().should('include', '/admin/home.html');\ncy.get('.nav.pull-right a.dropdown-toggle').should('contain.text', 'admin@shopizer.com');",
              "err": {},
              "uuid": "687ce2c7-b092-4c12-82f7-3c9910559680",
              "parentUUID": "e803a034-95c2-4b1f-8f0d-bc683bc3804f",
              "isHook": false,
              "skipped": false
            },
            {
              "title": "TC09 - should keep user logged in after page refresh",
              "fullTitle": "Admin Login Page Tests TC09 - should keep user logged in after page refresh",
              "timedOut": null,
              "duration": 2270,
              "state": "passed",
              "speed": "fast",
              "pass": true,
              "fail": false,
              "pending": false,
              "context": null,
              "code": "cy.visit('http://localhost:8080/admin/logon.html');\ncy.get('#username').type('admin@shopizer.com');\ncy.get('#password').type('password');\ncy.get('#formSubmitButton').click();\n// Verify login successful\ncy.url().should('include', '/admin/home.html');\n// Refresh the page\ncy.reload();\n// Verify still logged in\ncy.get('.nav.pull-right a.dropdown-toggle').should('contain.text', 'admin@shopizer.com');",
              "err": {},
              "uuid": "3969b28d-725e-4c7c-91dc-8e20408e082c",
              "parentUUID": "e803a034-95c2-4b1f-8f0d-bc683bc3804f",
              "isHook": false,
              "skipped": false
            },
            {
              "title": "TC11 - should not allow login with blank password",
              "fullTitle": "Admin Login Page Tests TC11 - should not allow login with blank password",
              "timedOut": null,
              "duration": 686,
              "state": "passed",
              "speed": "fast",
              "pass": true,
              "fail": false,
              "pending": false,
              "context": null,
              "code": "cy.visit('http://localhost:8080/admin/logon.html');\n// Enter only username\ncy.get('#username').type('admin@shopizer.com');\n// Click login\ncy.get('#formSubmitButton').click();\n// Verify red * appears beside password field\ncy.get('#password_help').should('be.visible').and('contain.text', '*');",
              "err": {},
              "uuid": "7202f884-5c90-45a4-bc35-3e7fd7da89b0",
              "parentUUID": "e803a034-95c2-4b1f-8f0d-bc683bc3804f",
              "isHook": false,
              "skipped": false
            }
          ],
          "suites": [],
          "passes": [
            "ae5831f2-20f0-498c-abfd-351e1e220049",
            "9409b004-78f9-42d4-a7b1-c72502e0d210",
            "9a22aeb1-21cb-4df1-b97c-56e599f3ef2c",
            "01f802f5-7f12-4114-9767-3a5620740954",
            "51d178f6-56ef-4888-8e5f-1f25dee76ee1",
            "c2c7fc6d-dd6e-4dcc-892e-23a834441cea",
            "687ce2c7-b092-4c12-82f7-3c9910559680",
            "3969b28d-725e-4c7c-91dc-8e20408e082c",
            "7202f884-5c90-45a4-bc35-3e7fd7da89b0"
          ],
          "failures": [],
          "pending": [],
          "skipped": [],
          "duration": 18887,
          "root": false,
          "rootEmpty": false,
          "_timeout": 2000
        }
      ],
      "passes": [],
      "failures": [],
      "pending": [],
      "skipped": [],
      "duration": 0,
      "root": true,
      "rootEmpty": true,
      "_timeout": 2000
    }
  ],
  "meta": {
    "mocha": {
      "version": "7.2.0"
    },
    "mochawesome": {
      "options": {
        "quiet": false,
        "reportFilename": "mochawesome",
        "saveHtml": true,
        "saveJson": true,
        "consoleReporter": "spec",
        "useInlineDiffs": false,
        "code": true
      },
      "version": "7.1.4"
    },
    "marge": {
      "options": {
        "reportDir": "cypress/reports",
        "overwrite": false,
        "html": true,
        "json": true,
        "charts": true,
        "reportTitle": "Shopizer Cypress Test Report",
        "embeddedScreenshots": true,
        "inlineAssets": true
      },
      "version": "6.3.0"
    }
  }
}