{
  "stats": {
    "suites": 1,
    "tests": 6,
    "passes": 6,
    "pending": 0,
    "failures": 0,
    "start": "2025-10-10T07:56:07.066Z",
    "end": "2025-10-10T07:56:19.517Z",
    "duration": 12451,
    "testsRegistered": 6,
    "passPercent": 100,
    "pendingPercent": 0,
    "other": 0,
    "hasOther": false,
    "skipped": 0,
    "hasSkipped": false
  },
  "results": [
    {
      "uuid": "8164d3ce-a384-4632-a24a-e9a85abbae0c",
      "title": "",
      "fullFile": "cypress\\e2e\\registration.cy.js",
      "file": "cypress\\e2e\\registration.cy.js",
      "beforeHooks": [],
      "afterHooks": [],
      "tests": [],
      "suites": [
        {
          "uuid": "9b2a5b35-5230-434f-bf0f-62f13658b8c7",
          "title": "Registration Page Tests",
          "fullFile": "",
          "file": "",
          "beforeHooks": [],
          "afterHooks": [],
          "tests": [
            {
              "title": "TC01 - Should display all mandatory fields",
              "fullTitle": "Registration Page Tests TC01 - Should display all mandatory fields",
              "timedOut": null,
              "duration": 1351,
              "state": "passed",
              "speed": "fast",
              "pass": true,
              "fail": false,
              "pending": false,
              "context": null,
              "code": "cy.get('#firstName').should('be.visible');\ncy.get('#lastName').should('be.visible');\ncy.get('#registration_country').should('be.visible');\ncy.get('#hidden_zones').should('be.visible');\ncy.get('#emailAddress').should('be.visible');\ncy.get('#password').should('be.visible');\ncy.get('#passwordAgain').should('be.visible');\ncy.get('button[type=\"submit\"]').contains('Create an account').should('be.visible');",
              "err": {},
              "uuid": "ca59d48d-954c-48c9-bbec-8592c6effc01",
              "parentUUID": "9b2a5b35-5230-434f-bf0f-62f13658b8c7",
              "isHook": false,
              "skipped": false
            },
            {
              "title": "TC02 - Should register new user successfully",
              "fullTitle": "Registration Page Tests TC02 - Should register new user successfully",
              "timedOut": null,
              "duration": 2906,
              "state": "passed",
              "speed": "fast",
              "pass": true,
              "fail": false,
              "pending": false,
              "context": null,
              "code": "const uniqueEmail = `test_${Date.now()}@mail.com`;\ncy.get('#firstName').type('Arun');\ncy.get('#lastName').type('Kambrekar');\ncy.get('#registration_country').select('India');\ncy.get('#hidden_zones').type('Karnataka');\ncy.get('#emailAddress').type(uniqueEmail);\ncy.get('#password').type('Password123!');\ncy.get('#passwordAgain').type('Password123!');\ncy.get('button[type=\"submit\"]').click();\n// ✅ Assertion: depends on app behavior\ncy.url().should('not.include', 'registration.html');",
              "err": {},
              "uuid": "3e5212f2-da59-4609-a003-5cd69348be0f",
              "parentUUID": "9b2a5b35-5230-434f-bf0f-62f13658b8c7",
              "isHook": false,
              "skipped": false
            },
            {
              "title": "TC03 - Should show errors when submitting empty form",
              "fullTitle": "Registration Page Tests TC03 - Should show errors when submitting empty form",
              "timedOut": null,
              "duration": 433,
              "state": "passed",
              "speed": "fast",
              "pass": true,
              "fail": false,
              "pending": false,
              "context": null,
              "code": "cy.get('button[type=\"submit\"]').click();\n// Assertions based on \"title\" attribute set in the HTML\ncy.get('#firstName').should('have.attr', 'title', 'First name is required');\ncy.get('#lastName').should('have.attr', 'title', 'Last name is required');\ncy.get('#hidden_zones').should('have.attr', 'title', 'State / Province is required');\ncy.get('#emailAddress').should('have.attr', 'title', 'Email address is required');\ncy.get('#password').should('have.attr', 'title', 'A password is required');\ncy.get('#passwordAgain').should('have.attr', 'title', 'Repeated password is required');",
              "err": {},
              "uuid": "fa4505c7-d1fc-409f-89df-f6268cfe3d01",
              "parentUUID": "9b2a5b35-5230-434f-bf0f-62f13658b8c7",
              "isHook": false,
              "skipped": false
            },
            {
              "title": "TC04 - Should NOT accept invalid email format (Known Issue)",
              "fullTitle": "Registration Page Tests TC04 - Should NOT accept invalid email format (Known Issue)",
              "timedOut": null,
              "duration": 2303,
              "state": "passed",
              "speed": "fast",
              "pass": true,
              "fail": false,
              "pending": false,
              "context": null,
              "code": "const invalidEmail = 'invalidEmail';\ncy.get('#firstName').type('Arun');\ncy.get('#lastName').type('Kambrekar');\ncy.get('#registration_country').select('India');\ncy.get('#hidden_zones').type('Karnataka');\ncy.get('#emailAddress').type(invalidEmail);\ncy.get('#password').type('Password123!');\ncy.get('#passwordAgain').type('Password123!');\ncy.get('button[type=\"submit\"]').click();\n// ✅ Accept both registration.html and register.html\ncy.url().then(url => {\n  if (url.includes('dashboard.html')) {\n    cy.log('❌ Bug: Invalid email was accepted, user redirected to dashboard');\n  } else {\n    expect(url).to.satisfy(u => u.includes('registration.html') || u.includes('register.html'));\n  }\n});",
              "err": {},
              "uuid": "a4c5084d-8847-44de-9aa4-63ea2761dd14",
              "parentUUID": "9b2a5b35-5230-434f-bf0f-62f13658b8c7",
              "isHook": false,
              "skipped": false
            },
            {
              "title": "TC05 - Should show error when passwords do not match",
              "fullTitle": "Registration Page Tests TC05 - Should show error when passwords do not match",
              "timedOut": null,
              "duration": 2708,
              "state": "passed",
              "speed": "fast",
              "pass": true,
              "fail": false,
              "pending": false,
              "context": null,
              "code": "const uniqueEmail = `test_${Date.now()}@mail.com`;\ncy.get('#firstName').type('Arun');\ncy.get('#lastName').type('Kambrekar');\ncy.get('#registration_country').select('India');\ncy.get('#hidden_zones').type('Karnataka');\ncy.get('#emailAddress').type(uniqueEmail);\ncy.get('#password').type('Password123!');\ncy.get('#passwordAgain').type('Password456!');\ncy.get('button[type=\"submit\"]').click();\n// ✅ Correct validation message\ncy.get('body').should('contain.text', 'Both password must match');",
              "err": {},
              "uuid": "7666f6cb-0300-452f-9243-3dcdba0f34d6",
              "parentUUID": "9b2a5b35-5230-434f-bf0f-62f13658b8c7",
              "isHook": false,
              "skipped": false
            },
            {
              "title": "Should show error when email is already registered",
              "fullTitle": "Registration Page Tests Should show error when email is already registered",
              "timedOut": null,
              "duration": 2514,
              "state": "passed",
              "speed": "fast",
              "pass": true,
              "fail": false,
              "pending": false,
              "context": null,
              "code": "// Visit registration page\ncy.visit('http://localhost:8080/shop/customer/registration.html');\n// Fill the registration form\ncy.get('#firstName').type('Arun');\ncy.get('#lastName').type('Kambrekar');\ncy.get('#registration_country').select('India');\ncy.get('#hidden_zones').type('Karnataka');\ncy.get('#emailAddress').type('admin@shopizer.com'); // existing email\ncy.get('#password').type('Password123!');\ncy.get('#passwordAgain').type('Password123!');\n// Submit the form\ncy.get('button[type=\"submit\"]').click();\n// ✅ Assert the error message is visible after page reload\ncy.get('#customer\\\\.errors', {\n  timeout: 10000\n}) // wait up to 10s for element\n.should('be.visible').and('contain.text', 'User with user name already exists for this store.');",
              "err": {},
              "uuid": "2d228a8d-a9a1-4b93-a3e9-c88a1a67336e",
              "parentUUID": "9b2a5b35-5230-434f-bf0f-62f13658b8c7",
              "isHook": false,
              "skipped": false
            }
          ],
          "suites": [],
          "passes": [
            "ca59d48d-954c-48c9-bbec-8592c6effc01",
            "3e5212f2-da59-4609-a003-5cd69348be0f",
            "fa4505c7-d1fc-409f-89df-f6268cfe3d01",
            "a4c5084d-8847-44de-9aa4-63ea2761dd14",
            "7666f6cb-0300-452f-9243-3dcdba0f34d6",
            "2d228a8d-a9a1-4b93-a3e9-c88a1a67336e"
          ],
          "failures": [],
          "pending": [],
          "skipped": [],
          "duration": 12215,
          "root": false,
          "rootEmpty": false,
          "_timeout": 2000
        }
      ],
      "passes": [],
      "failures": [],
      "pending": [],
      "skipped": [],
      "duration": 0,
      "root": true,
      "rootEmpty": true,
      "_timeout": 2000
    }
  ],
  "meta": {
    "mocha": {
      "version": "7.2.0"
    },
    "mochawesome": {
      "options": {
        "quiet": false,
        "reportFilename": "mochawesome",
        "saveHtml": true,
        "saveJson": true,
        "consoleReporter": "spec",
        "useInlineDiffs": false,
        "code": true
      },
      "version": "7.1.4"
    },
    "marge": {
      "options": {
        "reportDir": "cypress/reports",
        "overwrite": false,
        "html": true,
        "json": true
      },
      "version": "6.3.0"
    }
  }
}