{
  "stats": {
    "suites": 1,
    "tests": 9,
    "passes": 9,
    "pending": 0,
    "failures": 0,
    "start": "2025-10-10T07:58:10.296Z",
    "end": "2025-10-10T07:58:22.707Z",
    "duration": 12411,
    "testsRegistered": 9,
    "passPercent": 100,
    "pendingPercent": 0,
    "other": 0,
    "hasOther": false,
    "skipped": 0,
    "hasSkipped": false
  },
  "results": [
    {
      "uuid": "b6fd0f46-1e09-48c2-a05a-57e833b10145",
      "title": "",
      "fullFile": "cypress\\e2e\\Admin_login_page.cy.js",
      "file": "cypress\\e2e\\Admin_login_page.cy.js",
      "beforeHooks": [],
      "afterHooks": [],
      "tests": [],
      "suites": [
        {
          "uuid": "d1d5ad04-0f1a-48e6-950e-3da65de09c88",
          "title": "Admin Login Page Tests",
          "fullFile": "",
          "file": "",
          "beforeHooks": [],
          "afterHooks": [],
          "tests": [
            {
              "title": "TC01 - should load the Admin Login page",
              "fullTitle": "Admin Login Page Tests TC01 - should load the Admin Login page",
              "timedOut": null,
              "duration": 792,
              "state": "passed",
              "speed": "fast",
              "pass": true,
              "fail": false,
              "pending": false,
              "context": null,
              "code": "cy.get('#login-box').should('be.visible');\ncy.get('#username').should('be.visible');\ncy.get('#password').should('be.visible');\ncy.get('#formSubmitButton').should('be.visible');",
              "err": {},
              "uuid": "3656deae-22c5-4567-a61d-9620da16c461",
              "parentUUID": "d1d5ad04-0f1a-48e6-950e-3da65de09c88",
              "isHook": false,
              "skipped": false
            },
            {
              "title": "TC02 - should show error with empty credentials",
              "fullTitle": "Admin Login Page Tests TC02 - should show error with empty credentials",
              "timedOut": null,
              "duration": 263,
              "state": "passed",
              "speed": "fast",
              "pass": true,
              "fail": false,
              "pending": false,
              "context": null,
              "code": "// Click Logon without entering username/password\ncy.get('#formSubmitButton').click();\n// Verify that the required field indicators (*) are visible\ncy.get('#username_help').should('be.visible').and('contain.text', '*');\ncy.get('#password_help').should('be.visible').and('contain.text', '*');",
              "err": {},
              "uuid": "a7b841de-b6f9-4a05-8195-83ea7fc1046d",
              "parentUUID": "d1d5ad04-0f1a-48e6-950e-3da65de09c88",
              "isHook": false,
              "skipped": false
            },
            {
              "title": "TC03 - should login successfully with valid credentials",
              "fullTitle": "Admin Login Page Tests TC03 - should login successfully with valid credentials",
              "timedOut": null,
              "duration": 2987,
              "state": "passed",
              "speed": "fast",
              "pass": true,
              "fail": false,
              "pending": false,
              "context": null,
              "code": "cy.visit('http://localhost:8080/admin/logon.html');\ncy.get('#username').clear().type('admin@shopizer.com');\ncy.get('#password').clear().type('password');\ncy.get('#formSubmitButton').click();\n// Verify URL includes admin home\ncy.url({\n  timeout: 10000\n}).should('include', '/admin/home.html');\n// Verify username dropdown is visible (login successful)\ncy.get('.nav.pull-right a.dropdown-toggle').should('contain.text', 'admin@shopizer.com');",
              "err": {},
              "uuid": "6b0dc827-c7c9-4beb-92ee-f8207b81914a",
              "parentUUID": "d1d5ad04-0f1a-48e6-950e-3da65de09c88",
              "isHook": false,
              "skipped": false
            },
            {
              "title": "TC05 - should show error with invalid credentials",
              "fullTitle": "Admin Login Page Tests TC05 - should show error with invalid credentials",
              "timedOut": null,
              "duration": 1120,
              "state": "passed",
              "speed": "fast",
              "pass": true,
              "fail": false,
              "pending": false,
              "context": null,
              "code": "cy.get('#username').clear().type('wrong@admin.com');\ncy.get('#password').clear().type('wrongpassword');\ncy.get('#formSubmitButton').click();\n// Check if the error alert is visible and contains correct text\ncy.get('.alert-error').should('be.visible').and('contain.text', 'Invalid username or password');",
              "err": {},
              "uuid": "78d118f6-e27a-49c2-b746-eba85c9fe1ca",
              "parentUUID": "d1d5ad04-0f1a-48e6-950e-3da65de09c88",
              "isHook": false,
              "skipped": false
            },
            {
              "title": "TC06 - should mask the password input",
              "fullTitle": "Admin Login Page Tests TC06 - should mask the password input",
              "timedOut": null,
              "duration": 244,
              "state": "passed",
              "speed": "fast",
              "pass": true,
              "fail": false,
              "pending": false,
              "context": null,
              "code": "cy.visit('http://localhost:8080/admin/logon.html');\ncy.get('#password').should('have.attr', 'type', 'password');",
              "err": {},
              "uuid": "bce708be-13c8-4162-9b78-b7518ab74aeb",
              "parentUUID": "d1d5ad04-0f1a-48e6-950e-3da65de09c88",
              "isHook": false,
              "skipped": false
            },
            {
              "title": "TC07 - should show error for special characters in credentials",
              "fullTitle": "Admin Login Page Tests TC07 - should show error for special characters in credentials",
              "timedOut": null,
              "duration": 1274,
              "state": "passed",
              "speed": "fast",
              "pass": true,
              "fail": false,
              "pending": false,
              "context": null,
              "code": "cy.visit('http://localhost:8080/admin/logon.html');\ncy.get('#username').clear().type('admin@!#$%');\ncy.get('#password').clear().type('pass@!#$%');\ncy.get('#formSubmitButton').click();\ncy.get('.alert-error').should('be.visible').and('contain.text', 'Invalid username or password');",
              "err": {},
              "uuid": "7b2c090c-94aa-43d8-b2c2-853ef4a27c02",
              "parentUUID": "d1d5ad04-0f1a-48e6-950e-3da65de09c88",
              "isHook": false,
              "skipped": false
            },
            {
              "title": "TC08 - should login using login button (Enter key not applicable)",
              "fullTitle": "Admin Login Page Tests TC08 - should login using login button (Enter key not applicable)",
              "timedOut": null,
              "duration": 1912,
              "state": "passed",
              "speed": "fast",
              "pass": true,
              "fail": false,
              "pending": false,
              "context": null,
              "code": "cy.visit('http://localhost:8080/admin/logon.html');\ncy.get('#username').type('admin@shopizer.com');\ncy.get('#password').type('password');\n// Click login button explicitly\ncy.get('#formSubmitButton').click();\ncy.url().should('include', '/admin/home.html');\ncy.get('.nav.pull-right a.dropdown-toggle').should('contain.text', 'admin@shopizer.com');",
              "err": {},
              "uuid": "e66d838c-9f72-4a8e-ab6a-bfb2ec2da83a",
              "parentUUID": "d1d5ad04-0f1a-48e6-950e-3da65de09c88",
              "isHook": false,
              "skipped": false
            },
            {
              "title": "TC09 - should keep user logged in after page refresh",
              "fullTitle": "Admin Login Page Tests TC09 - should keep user logged in after page refresh",
              "timedOut": null,
              "duration": 2119,
              "state": "passed",
              "speed": "fast",
              "pass": true,
              "fail": false,
              "pending": false,
              "context": null,
              "code": "cy.visit('http://localhost:8080/admin/logon.html');\ncy.get('#username').type('admin@shopizer.com');\ncy.get('#password').type('password');\ncy.get('#formSubmitButton').click();\n// Verify login successful\ncy.url().should('include', '/admin/home.html');\n// Refresh the page\ncy.reload();\n// Verify still logged in\ncy.get('.nav.pull-right a.dropdown-toggle').should('contain.text', 'admin@shopizer.com');",
              "err": {},
              "uuid": "36035a56-2cc0-422b-ba7a-6375a08fab07",
              "parentUUID": "d1d5ad04-0f1a-48e6-950e-3da65de09c88",
              "isHook": false,
              "skipped": false
            },
            {
              "title": "TC11 - should not allow login with blank password",
              "fullTitle": "Admin Login Page Tests TC11 - should not allow login with blank password",
              "timedOut": null,
              "duration": 1146,
              "state": "passed",
              "speed": "fast",
              "pass": true,
              "fail": false,
              "pending": false,
              "context": null,
              "code": "cy.visit('http://localhost:8080/admin/logon.html');\n// Enter only username\ncy.get('#username').type('admin@shopizer.com');\n// Click login\ncy.get('#formSubmitButton').click();\n// Verify red * appears beside password field\ncy.get('#password_help').should('be.visible').and('contain.text', '*');",
              "err": {},
              "uuid": "edb69551-f550-4a12-ac3f-4630aa61a9b6",
              "parentUUID": "d1d5ad04-0f1a-48e6-950e-3da65de09c88",
              "isHook": false,
              "skipped": false
            }
          ],
          "suites": [],
          "passes": [
            "3656deae-22c5-4567-a61d-9620da16c461",
            "a7b841de-b6f9-4a05-8195-83ea7fc1046d",
            "6b0dc827-c7c9-4beb-92ee-f8207b81914a",
            "78d118f6-e27a-49c2-b746-eba85c9fe1ca",
            "bce708be-13c8-4162-9b78-b7518ab74aeb",
            "7b2c090c-94aa-43d8-b2c2-853ef4a27c02",
            "e66d838c-9f72-4a8e-ab6a-bfb2ec2da83a",
            "36035a56-2cc0-422b-ba7a-6375a08fab07",
            "edb69551-f550-4a12-ac3f-4630aa61a9b6"
          ],
          "failures": [],
          "pending": [],
          "skipped": [],
          "duration": 11857,
          "root": false,
          "rootEmpty": false,
          "_timeout": 2000
        }
      ],
      "passes": [],
      "failures": [],
      "pending": [],
      "skipped": [],
      "duration": 0,
      "root": true,
      "rootEmpty": true,
      "_timeout": 2000
    }
  ],
  "meta": {
    "mocha": {
      "version": "7.2.0"
    },
    "mochawesome": {
      "options": {
        "quiet": false,
        "reportFilename": "mochawesome",
        "saveHtml": true,
        "saveJson": true,
        "consoleReporter": "spec",
        "useInlineDiffs": false,
        "code": true
      },
      "version": "7.1.4"
    },
    "marge": {
      "options": {
        "reportDir": "cypress/reports",
        "overwrite": false,
        "html": true,
        "json": true
      },
      "version": "6.3.0"
    }
  }
}